INFO: 2017-10-13 22:48:01,999: prepare_config_folder() 'Missing config file, copying it from /usr/share/variety/config/variety.conf'
INFO: 2017-10-13 22:48:02,001: prepare_config_folder() 'Missing ui.conf file, copying it from /usr/share/variety/config/ui.conf'
INFO: 2017-10-13 22:48:02,004: makedirs() 'Creating folder /home/swetstil/.config/variety/plugins'
INFO: 2017-10-13 22:48:02,004: makedirs() 'Creating folder /home/swetstil/.config/variety/scripts'
INFO: 2017-10-13 22:48:02,005: prepare_config_folder() 'Missing set_wallpaper file, copying it from /usr/share/variety/scripts/set_wallpaper'
INFO: 2017-10-13 22:48:02,007: prepare_config_folder() 'Missing get_wallpaper file, copying it from /usr/share/variety/scripts/get_wallpaper'
INFO: 2017-10-13 22:48:02,009: makedirs() 'Creating folder /home/swetstil/.config/variety/wallpaper'
INFO: 2017-10-13 22:48:02,011: _generate_pencil_tile() 'Missing pencil_tile.png file, generating it /usr/share/variety/media/pencil_tile.png'
INFO: 2017-10-13 22:48:02,011: write_current_version() 'Writing current version 0.6.0 to .version'
INFO: 2017-10-13 22:48:02,016: perform_upgrade() 'Last run version was 0.6.0 or earlier, current version is 0.6.0'
INFO: 2017-10-13 22:48:02,018: process_command() 'Received command: []'
INFO: 2017-10-13 22:48:02,025: load_banned() 'Missing or invalid banned URLs list, no URLs will be banned'
WARNING: 2017-10-13 22:48:02,025: load_history() 'Could not load history file, continuing without it, no worries'
INFO: 2017-10-13 22:48:02,445: load() 'Jumble loading'
INFO: 2017-10-13 22:48:02,447: _walk_modules() 'Jumble loading module in __init__ from /usr/share/variety/plugins/__init__.py'
INFO: 2017-10-13 22:48:02,448: _walk_modules() 'Jumble loading module in QuotationsPageSource from /usr/share/variety/plugins/quotes/QuotationsPageSource.py'
INFO: 2017-10-13 22:48:02,450: _walk_modules() 'Jumble loading module in GoodreadsSource from /usr/share/variety/plugins/quotes/GoodreadsSource.py'
INFO: 2017-10-13 22:48:02,452: _walk_modules() 'Jumble loading module in QuotesDaddySource from /usr/share/variety/plugins/quotes/QuotesDaddySource.py'
INFO: 2017-10-13 22:48:02,454: load() 'Jumble found plugin class: <class 'QuotesDaddySource.QuotesDaddySource'>: {'author': 'Peter Levi', 'name': 'QuotesDaddy', 'version': '0.1', 'description': u'\u0417\u0430\u0433\u0440\u0443\u0436\u0430\u0442\u044c \u0446\u0438\u0442\u0430\u0442\u044b \u0438\u0437 RSS \u043b\u0435\u043d\u0442\u044b QuotesDaddy.\n\u041f\u043e\u0438\u0441\u043a \u043f\u043e \u0442\u0435\u0433\u0430\u043c \u0438 \u0430\u0432\u0442\u043e\u0440\u0430\u043c \u043d\u0435 \u043f\u043e\u0434\u0434\u0435\u0440\u0436\u0438\u0432\u0430\u0435\u0442\u0441\u044f.'}'
INFO: 2017-10-13 22:48:02,454: _walk_modules() 'Jumble loading module in __init__ from /usr/share/variety/plugins/quotes/__init__.py'
INFO: 2017-10-13 22:48:02,455: _walk_modules() 'Jumble loading module in LocalFilesSource from /usr/share/variety/plugins/quotes/LocalFilesSource.py'
INFO: 2017-10-13 22:48:02,457: load() 'Jumble found plugin class: <class 'LocalFilesSource.LocalFilesSource'>: {'author': 'Peter Levi', 'name': 'Local text files', 'version': '0.1', 'description': u'\u041f\u043e\u043a\u0430\u0437\u044b\u0432\u0430\u0435\u0442 \u0446\u0438\u0442\u0430\u0442\u044b \u0438\u0437 \u043b\u043e\u043a\u0430\u043b\u044c\u043d\u044b\u0445 \u0442\u0435\u043a\u0441\u0442\u043e\u0432\u044b\u0445 \u0444\u0430\u0439\u043b\u043e\u0432.\n\u041f\u043e\u043c\u0435\u0441\u0442\u0438\u0442\u0435 \u0432\u0430\u0448\u0438 txt \u0444\u0430\u0439\u043b\u044b \u0432: ~/.config/variety/pluginconfig/quotes/.\n\u0424\u043e\u0440\u043c\u0430\u0442 \u0444\u0430\u0439\u043b\u0430:\n\n\u0446\u0438\u0442\u0430\u0442\u0430 -- \u0430\u0432\u0442\u043e\u0440\n.\n\u0432\u0442\u043e\u0440\u0430\u044f \u0446\u0438\u0442\u0430\u0442\u0430 -- \u0434\u0440\u0443\u0433\u043e\u0439 \u0430\u0432\u0442\u043e\u0440\n.\n\u0438 \u0442. \u0434.\n\n\u041f\u0440\u0438\u043c\u0435\u0440: http://rvelthuis.de/zips/quotes.txt'}'
INFO: 2017-10-13 22:48:02,473: makedirs() 'Creating folder /home/swetstil/.config/variety/Downloaded'
INFO: 2017-10-13 22:48:02,473: makedirs() 'Creating folder /home/swetstil/.config/variety/Favorites'
INFO: 2017-10-13 22:48:02,474: makedirs() 'Creating folder /home/swetstil/.config/variety/Fetched'
INFO: 2017-10-13 22:48:02,474: reload_config() 'Creating new downloader for type 6, location Random wallpapers from Desktoppr.co'
INFO: 2017-10-13 22:48:02,474: reload_config() 'Creating new downloader for type 15, location Bing Photo of the Day'
INFO: 2017-10-13 22:48:02,475: reload_config() 'Creating new downloader for type 16, location High-resolution photos from Unsplash.com'
INFO: 2017-10-13 22:48:02,475: reload_config() 'Creating new downloader for type 8, location NASA's Astronomy Picture of the Day'
INFO: 2017-10-13 22:48:02,475: reload_config() 'Creating new downloader for type 14, location https://www.reddit.com/r/MinimalWallpaper/top/?sort=top&t=year'
INFO: 2017-10-13 22:48:02,475: reload_config() 'Creating new downloader for type 10, location https://vrty.org/user/~peterlevi/rss'
INFO: 2017-10-13 22:48:02,475: reload_config() 'Creating new downloader for type 7, location user:www.flickr.com/photos/peter-levi/;user_id:93647178@N00;'
INFO: 2017-10-13 22:48:02,475: reload_config() 'Creating new downloader for type 7, location text:colorful;user:www.flickr.com/photos/pinksherbet/;user_id:40645538@N00;'
INFO: 2017-10-13 22:48:02,476: reload_config() 'Creating new downloader for type 7, location user:www.flickr.com/photos/isayx3/;user_id:52821721@N00;'
INFO: 2017-10-13 22:48:02,476: reload_config() 'Creating new downloader for type 5, location http://www.wallpapers.net/nature-hd-wallpapers78'
INFO: 2017-10-13 22:48:02,476: reload_config() 'Creating new downloader for type 13, location autumn'
INFO: 2017-10-13 22:48:02,476: reload_config() 'Creating new downloader for type 13, location nature'
INFO: 2017-10-13 22:48:02,476: reload_config() 'Creating new downloader for type 13, location macro'
INFO: 2017-10-13 22:48:02,476: reload_config() 'Creating new downloader for type 13, location leaves'
INFO: 2017-10-13 22:48:02,477: reload_config() 'Creating new downloader for type 13, location cityscape'
INFO: 2017-10-13 22:48:02,477: reload_config() 'Creating new downloader for type 13, location tilt shift'
INFO: 2017-10-13 22:48:02,477: reload_config() 'Creating new downloader for type 13, location bokeh'
INFO: 2017-10-13 22:48:02,477: makedirs() 'Creating folder /home/swetstil/.config/variety/Downloaded/Desktoppr'
INFO: 2017-10-13 22:48:02,477: makedirs() 'Creating folder /home/swetstil/.config/variety/Downloaded/Bing'
INFO: 2017-10-13 22:48:02,478: makedirs() 'Creating folder /home/swetstil/.config/variety/Downloaded/Unsplash'
INFO: 2017-10-13 22:48:02,478: makedirs() 'Creating folder /home/swetstil/.config/variety/Downloaded/nasa_apod'
INFO: 2017-10-13 22:48:02,479: makedirs() 'Creating folder /home/swetstil/.config/variety/Downloaded/reddit_www_reddit_com_r_MinimalWallpaper_top__sort_top_t_year'
INFO: 2017-10-13 22:48:02,479: makedirs() 'Creating folder /home/swetstil/.config/variety/Downloaded/mediarss_vrty_org_user__peterlevi_rss'
INFO: 2017-10-13 22:48:02,479: makedirs() 'Creating folder /home/swetstil/.config/variety/Downloaded/flickr_user_www_flickr_com_photos_peter_levi__user_id_93647178_N00_'
INFO: 2017-10-13 22:48:02,480: makedirs() 'Creating folder /home/swetstil/.config/variety/Downloaded/flickr_text_colorful_user_www_flickr_com_photos_pinksherbet__user_id_40645538_N00_'
INFO: 2017-10-13 22:48:02,480: makedirs() 'Creating folder /home/swetstil/.config/variety/Downloaded/flickr_user_www_flickr_com_photos_isayx3__user_id_52821721_N00_'
INFO: 2017-10-13 22:48:02,481: makedirs() 'Creating folder /home/swetstil/.config/variety/Downloaded/www_wallpapers_net_nature_hd_wallpapers78'
INFO: 2017-10-13 22:48:02,481: makedirs() 'Creating folder /home/swetstil/.config/variety/Downloaded/wallhaven_autumn'
INFO: 2017-10-13 22:48:02,482: makedirs() 'Creating folder /home/swetstil/.config/variety/Downloaded/wallhaven_nature'
INFO: 2017-10-13 22:48:02,482: makedirs() 'Creating folder /home/swetstil/.config/variety/Downloaded/wallhaven_macro'
INFO: 2017-10-13 22:48:02,482: makedirs() 'Creating folder /home/swetstil/.config/variety/Downloaded/wallhaven_leaves'
INFO: 2017-10-13 22:48:02,483: makedirs() 'Creating folder /home/swetstil/.config/variety/Downloaded/wallhaven_cityscape'
INFO: 2017-10-13 22:48:02,483: makedirs() 'Creating folder /home/swetstil/.config/variety/Downloaded/wallhaven_tilt_shift'
INFO: 2017-10-13 22:48:02,484: makedirs() 'Creating folder /home/swetstil/.config/variety/Downloaded/wallhaven_bokeh'
INFO: 2017-10-13 22:48:02,484: log_options() 'Loaded options:'
INFO: 2017-10-13 22:48:02,485: log_options() 'change_enabled = True'
INFO: 2017-10-13 22:48:02,485: log_options() 'change_interval = 300'
INFO: 2017-10-13 22:48:02,485: log_options() 'change_on_start = False'
INFO: 2017-10-13 22:48:02,486: log_options() 'clipboard_enabled = False'
INFO: 2017-10-13 22:48:02,486: log_options() 'clipboard_hosts = [u'wallbase.cc', u'ns223506.ovh.net', u'wallpapers.net', u'flickr.com', u'imgur.com', u'deviantart.com', u'interfacelift.com', u'vladstudio.com', u'imageshack.us']'
INFO: 2017-10-13 22:48:02,486: log_options() 'clipboard_use_whitelist = True'
INFO: 2017-10-13 22:48:02,486: log_options() 'clock_date_font = Ubuntu Condensed, 30'
INFO: 2017-10-13 22:48:02,487: log_options() 'clock_enabled = False'
INFO: 2017-10-13 22:48:02,487: log_options() 'clock_filter = -density 100 -font `fc-match -f '%{file[0]}' '%CLOCK_FONT_NAME'` -pointsize %CLOCK_FONT_SIZE -gravity SouthEast -fill '#00000044' -annotate 0x0+[%HOFFSET+58]+[%VOFFSET+108] '%H:%M' -fill white -annotate 0x0+[%HOFFSET+60]+[%VOFFSET+110] '%H:%M' -font `fc-match -f '%{file[0]}' '%DATE_FONT_NAME'` -pointsize %DATE_FONT_SIZE -fill '#00000044' -annotate 0x0+[%HOFFSET+58]+[%VOFFSET+58] '%A, %B %d' -fill white -annotate 0x0+[%HOFFSET+60]+[%VOFFSET+60] '%A, %B %d''
INFO: 2017-10-13 22:48:02,487: log_options() 'clock_font = Ubuntu Condensed, 70'
INFO: 2017-10-13 22:48:02,488: log_options() 'configfile = /home/swetstil/.config/variety/variety.conf'
INFO: 2017-10-13 22:48:02,488: log_options() 'copyto_enabled = False'
INFO: 2017-10-13 22:48:02,488: log_options() 'copyto_folder = Default'
INFO: 2017-10-13 22:48:02,488: log_options() 'desired_color = None'
INFO: 2017-10-13 22:48:02,489: log_options() 'desired_color_enabled = False'
INFO: 2017-10-13 22:48:02,489: log_options() 'download_enabled = True'
INFO: 2017-10-13 22:48:02,489: log_options() 'download_folder = /home/swetstil/.config/variety/Downloaded'
INFO: 2017-10-13 22:48:02,489: log_options() 'download_interval = 600'
INFO: 2017-10-13 22:48:02,489: log_options() 'facebook_message = '
INFO: 2017-10-13 22:48:02,490: log_options() 'facebook_show_dialog = True'
INFO: 2017-10-13 22:48:02,490: log_options() 'favorites_folder = /home/swetstil/.config/variety/Favorites'
INFO: 2017-10-13 22:48:02,490: log_options() 'favorites_operations = [[u'Downloaded', u'Copy'], [u'Fetched', u'Move'], [u'Others', u'Copy']]'
INFO: 2017-10-13 22:48:02,490: log_options() 'fetched_folder = /home/swetstil/.config/variety/Fetched'
INFO: 2017-10-13 22:48:02,491: log_options() 'filters = [[False, u'Keep original', u''], [False, u'Grayscale', u'-type Grayscale'], [False, u'Heavy blur', u'-blur 120x40'], [False, u'Soft blur', u'-blur 20x7'], [False, u'Oil painting', u'-paint 8'], [False, u'Pencil sketch', u'-colorspace gray \\( +clone -tile ~/.config/variety/pencil_tile.png -draw "color 0,0 reset" +clone +swap -compose color_dodge -composite \\) -fx \'u*.2+v*.8\''], [False, u'Pointilism', u'-spread 10 -noise 3'], [False, u'Pixellate', u'-scale 3% -scale 3333%']]'
INFO: 2017-10-13 22:48:02,491: log_options() 'icon = Light'
INFO: 2017-10-13 22:48:02,491: log_options() 'lightness_enabled = False'
INFO: 2017-10-13 22:48:02,491: log_options() 'lightness_mode = 0'
INFO: 2017-10-13 22:48:02,491: log_options() 'min_rating = 4'
INFO: 2017-10-13 22:48:02,492: log_options() 'min_rating_enabled = False'
INFO: 2017-10-13 22:48:02,492: log_options() 'min_size = 80'
INFO: 2017-10-13 22:48:02,492: log_options() 'min_size_enabled = False'
INFO: 2017-10-13 22:48:02,492: log_options() 'quota_enabled = True'
INFO: 2017-10-13 22:48:02,492: log_options() 'quota_size = 500'
INFO: 2017-10-13 22:48:02,492: log_options() 'quotes_authors = '
INFO: 2017-10-13 22:48:02,493: log_options() 'quotes_bg_color = [80, 80, 80]'
INFO: 2017-10-13 22:48:02,493: log_options() 'quotes_bg_opacity = 55'
INFO: 2017-10-13 22:48:02,493: log_options() 'quotes_change_enabled = False'
INFO: 2017-10-13 22:48:02,493: log_options() 'quotes_change_interval = 300'
INFO: 2017-10-13 22:48:02,493: log_options() 'quotes_disabled_sources = [u'QuotesDaddy']'
INFO: 2017-10-13 22:48:02,494: log_options() 'quotes_enabled = False'
INFO: 2017-10-13 22:48:02,494: log_options() 'quotes_favorites_file = /home/swetstil/.config/variety/favorite_quotes.txt'
INFO: 2017-10-13 22:48:02,494: log_options() 'quotes_font = Bitstream Charter 30'
INFO: 2017-10-13 22:48:02,494: log_options() 'quotes_hpos = 100'
INFO: 2017-10-13 22:48:02,494: log_options() 'quotes_tags = '
INFO: 2017-10-13 22:48:02,494: log_options() 'quotes_text_color = [255, 255, 255]'
INFO: 2017-10-13 22:48:02,495: log_options() 'quotes_text_shadow = False'
INFO: 2017-10-13 22:48:02,495: log_options() 'quotes_vpos = 40'
INFO: 2017-10-13 22:48:02,495: log_options() 'quotes_width = 70'
INFO: 2017-10-13 22:48:02,495: log_options() 'slideshow_custom_enabled = False'
INFO: 2017-10-13 22:48:02,495: log_options() 'slideshow_custom_folder = None'
INFO: 2017-10-13 22:48:02,495: log_options() 'slideshow_downloads_enabled = False'
INFO: 2017-10-13 22:48:02,496: log_options() 'slideshow_fade = 0.4'
INFO: 2017-10-13 22:48:02,496: log_options() 'slideshow_favorites_enabled = True'
INFO: 2017-10-13 22:48:02,496: log_options() 'slideshow_mode = Fullscreen'
INFO: 2017-10-13 22:48:02,496: log_options() 'slideshow_monitor = All'
INFO: 2017-10-13 22:48:02,496: log_options() 'slideshow_pan = 0.05'
INFO: 2017-10-13 22:48:02,496: log_options() 'slideshow_seconds = 6.0'
INFO: 2017-10-13 22:48:02,497: log_options() 'slideshow_sort_order = Random'
INFO: 2017-10-13 22:48:02,497: log_options() 'slideshow_sources_enabled = True'
INFO: 2017-10-13 22:48:02,497: log_options() 'slideshow_zoom = 0.2'
INFO: 2017-10-13 22:48:02,497: log_options() 'smart_enabled = False'
INFO: 2017-10-13 22:48:02,497: log_options() 'smart_notice_shown = False'
INFO: 2017-10-13 22:48:02,498: log_options() 'smart_register_shown = False'
INFO: 2017-10-13 22:48:02,498: log_options() 'sources = [[True, 3, u'The Favorites folder'], [True, 4, u'The Fetched folder'], [False, 19, u'Recommended by Variety. Adapts to your taste as you mark images as favorite or trash.'], [False, 20, u'Latest favorites by the other users of Variety. [May contain NSFW images]'], [True, 2, u'/usr/share/backgrounds'], [True, 6, u'Random wallpapers from Desktoppr.co'], [True, 15, u'Bing Photo of the Day'], [True, 16, u'High-resolution photos from Unsplash.com'], [True, 8, u"NASA's Astronomy Picture of the Day"], [False, 11, u'World Sunlight Map - live wallpaper from Die.net'], [True, 14, u'https://www.reddit.com/r/MinimalWallpaper/top/?sort=top&t=year'], [True, 10, u'https://vrty.org/user/~peterlevi/rss'], [True, 7, u'user:www.flickr.com/photos/peter-levi/;user_id:93647178@N00;'], [True, 7, u'text:colorful;user:www.flickr.com/photos/pinksherbet/;user_id:40645538@N00;'], [True, 7, u'user:www.flickr.com/photos/isayx3/;user_id:52821721@N00;'], [True, 5, u'http://www.wallpapers.net/nature-hd-wallpapers78'], [True, 13, u'autumn'], [True, 13, u'nature'], [True, 13, u'macro'], [True, 13, u'leaves'], [True, 13, u'cityscape'], [True, 13, u'tilt shift'], [True, 13, u'bokeh']]'
INFO: 2017-10-13 22:48:02,498: log_options() 'stats_enabled = True'
INFO: 2017-10-13 22:48:02,498: log_options() 'stats_notice_shown = False'
INFO: 2017-10-13 22:48:02,498: log_options() 'sync_enabled = True'
INFO: 2017-10-13 22:48:02,498: log_options() 'use_landscape_enabled = True'
INFO: 2017-10-13 22:48:02,499: reload_config() 'No need to clear prepared queue'
INFO: 2017-10-13 22:48:02,499: load_last_change_time() 'Change interval < 6 hours, ignore persisted last_change_time, wait initially the whole interval: 300'
INFO: 2017-10-13 22:48:02,499: update_indicator() 'Setting file info to: /usr/share/backgrounds/warty-final-ubuntu.png'
INFO: 2017-10-13 22:48:02,602: do_set_wp() 'Calling do_set_wp with /usr/share/backgrounds/warty-final-ubuntu.png, time: 1507924082.6'
INFO: 2017-10-13 22:48:02,661: regular_change_thread() 'regular_change thread running'
INFO: 2017-10-13 22:48:02,673: update_indicator() 'Setting file info to: /usr/share/backgrounds/warty-final-ubuntu.png'
INFO: 2017-10-13 22:48:02,680: prepare_thread() 'Prepare thread running'
INFO: 2017-10-13 22:48:02,681: prepare_thread() 'Prepared buffer contains 0 images'
INFO: 2017-10-13 22:48:02,682: prepare_thread() 'Preparing some images'
INFO: 2017-10-13 22:48:02,686: download_one() 'Downloading world sunlight map from http://www.die.net/earth/'
INFO: 2017-10-13 22:48:02,686: save_locally() 'Origin URL: http://www.die.net/earth/'
INFO: 2017-10-13 22:48:02,687: save_locally() 'Image URL: http://static.die.net/earth/mercator/1600.jpg'
INFO: 2017-10-13 22:48:02,687: save_locally() 'Local name: /home/swetstil/.config/variety/Downloaded/Earth/1600.jpg'
INFO: 2017-10-13 22:48:03,349: prepare_thread() 'After search prepared buffer contains 14 images'
INFO: 2017-10-13 22:48:04,682: save_locally() 'Download complete'
INFO: 2017-10-13 22:48:06,035: reload() 'Reloading preferences dialog'
ERROR: 2017-10-13 22:48:06,122: get_file_icon_name() 'Exception while obtaining folder icon for None:'
Traceback (most recent call last):
  File "/usr/lib/python2.7/dist-packages/variety/Util.py", line 550, in get_file_icon_name
    query_info = f.query_info("standard::icon", Gio.FileQueryInfoFlags.NONE, None)
Error: g-io-error-quark: Ошибка при получении информации о файле «/home/swetstil/None»: No such file or directory (1)
INFO: 2017-10-13 22:48:06,401: update_indicator_icon() 'Creating indicator'
WARNING: 2017-10-13 22:48:06,456: create_menu() 'Variety Slideshow is not installed. Install it with "sudo apt-get install variety-slideshow", read more here: http://peterlevi.com/variety/slideshow/'
INFO: 2017-10-13 22:48:06,503: set_from_theme_icon() 'Showing indicator icon variety-indicator from GTK theme'
INFO: 2017-10-13 22:48:06,503: update_indicator() 'Setting file info to: /usr/share/backgrounds/warty-final-ubuntu.png'
INFO: 2017-10-13 22:48:11,872: reload_config() 'Creating new downloader for type 19, location Recommended by Variety. Adapts to your taste as you mark images as favorite or trash.'
ERROR: 2017-10-13 22:48:11,873: reload_config() 'Could not create Downloader for type 19, location Recommended by Variety. Adapts to your taste as you mark images as favorite or trash.'
Traceback (most recent call last):
  File "/usr/lib/python2.7/dist-packages/variety/VarietyWindow.py", line 394, in reload_config
    dlr = self.create_downloader(type, location)
  File "/usr/lib/python2.7/dist-packages/variety/VarietyWindow.py", line 529, in create_downloader
    raise Exception('No Smart user yet, not a problem')
Exception: No Smart user yet, not a problem
INFO: 2017-10-13 22:48:11,875: log_options() 'Loaded options:'
INFO: 2017-10-13 22:48:11,875: log_options() 'change_enabled = True'
INFO: 2017-10-13 22:48:11,875: log_options() 'change_interval = 300'
INFO: 2017-10-13 22:48:11,876: log_options() 'change_on_start = False'
INFO: 2017-10-13 22:48:11,876: log_options() 'clipboard_enabled = False'
INFO: 2017-10-13 22:48:11,876: log_options() 'clipboard_hosts = [u'wallbase.cc', u'ns223506.ovh.net', u'wallpapers.net', u'flickr.com', u'imgur.com', u'deviantart.com', u'interfacelift.com', u'vladstudio.com', u'imageshack.us']'
INFO: 2017-10-13 22:48:11,876: log_options() 'clipboard_use_whitelist = True'
INFO: 2017-10-13 22:48:11,876: log_options() 'clock_date_font = Ubuntu Condensed, 30'
INFO: 2017-10-13 22:48:11,877: log_options() 'clock_enabled = False'
INFO: 2017-10-13 22:48:11,877: log_options() 'clock_filter = -density 100 -font `fc-match -f '%{file[0]}' '%CLOCK_FONT_NAME'` -pointsize %CLOCK_FONT_SIZE -gravity SouthEast -fill '#00000044' -annotate 0x0+[%HOFFSET+58]+[%VOFFSET+108] '%H:%M' -fill white -annotate 0x0+[%HOFFSET+60]+[%VOFFSET+110] '%H:%M' -font `fc-match -f '%{file[0]}' '%DATE_FONT_NAME'` -pointsize %DATE_FONT_SIZE -fill '#00000044' -annotate 0x0+[%HOFFSET+58]+[%VOFFSET+58] '%A, %B %d' -fill white -annotate 0x0+[%HOFFSET+60]+[%VOFFSET+60] '%A, %B %d''
INFO: 2017-10-13 22:48:11,877: log_options() 'clock_font = Ubuntu Condensed, 70'
INFO: 2017-10-13 22:48:11,877: log_options() 'configfile = /home/swetstil/.config/variety/variety.conf'
INFO: 2017-10-13 22:48:11,877: log_options() 'copyto_enabled = False'
INFO: 2017-10-13 22:48:11,878: log_options() 'copyto_folder = Default'
INFO: 2017-10-13 22:48:11,878: log_options() 'desired_color = None'
INFO: 2017-10-13 22:48:11,878: log_options() 'desired_color_enabled = False'
INFO: 2017-10-13 22:48:11,878: log_options() 'download_enabled = True'
INFO: 2017-10-13 22:48:11,878: log_options() 'download_folder = /home/swetstil/.config/variety/Downloaded'
INFO: 2017-10-13 22:48:11,879: log_options() 'download_interval = 600'
INFO: 2017-10-13 22:48:11,879: log_options() 'facebook_message = '
INFO: 2017-10-13 22:48:11,879: log_options() 'facebook_show_dialog = True'
INFO: 2017-10-13 22:48:11,879: log_options() 'favorites_folder = /home/swetstil/.config/variety/Favorites'
INFO: 2017-10-13 22:48:11,879: log_options() 'favorites_operations = [[u'Downloaded', u'Copy'], [u'Fetched', u'Move'], [u'Others', u'Copy']]'
INFO: 2017-10-13 22:48:11,880: log_options() 'fetched_folder = /home/swetstil/.config/variety/Fetched'
INFO: 2017-10-13 22:48:11,880: log_options() 'filters = [[False, u'Keep original', u''], [False, u'Grayscale', u'-type Grayscale'], [False, u'Heavy blur', u'-blur 120x40'], [False, u'Soft blur', u'-blur 20x7'], [False, u'Oil painting', u'-paint 8'], [False, u'Pencil sketch', u'-colorspace gray \\( +clone -tile ~/.config/variety/pencil_tile.png -draw "color 0,0 reset" +clone +swap -compose color_dodge -composite \\) -fx \'u*.2+v*.8\''], [False, u'Pointilism', u'-spread 10 -noise 3'], [False, u'Pixellate', u'-scale 3% -scale 3333%']]'
INFO: 2017-10-13 22:48:11,880: log_options() 'icon = Light'
INFO: 2017-10-13 22:48:11,880: log_options() 'lightness_enabled = False'
INFO: 2017-10-13 22:48:11,880: log_options() 'lightness_mode = 0'
INFO: 2017-10-13 22:48:11,881: log_options() 'min_rating = 4'
INFO: 2017-10-13 22:48:11,881: log_options() 'min_rating_enabled = False'
INFO: 2017-10-13 22:48:11,893: log_options() 'min_size = 80'
INFO: 2017-10-13 22:48:11,893: log_options() 'min_size_enabled = False'
INFO: 2017-10-13 22:48:11,893: log_options() 'quota_enabled = True'
INFO: 2017-10-13 22:48:11,893: log_options() 'quota_size = 500'
INFO: 2017-10-13 22:48:11,894: log_options() 'quotes_authors = '
INFO: 2017-10-13 22:48:11,894: log_options() 'quotes_bg_color = [80, 80, 80]'
INFO: 2017-10-13 22:48:11,894: log_options() 'quotes_bg_opacity = 55'
INFO: 2017-10-13 22:48:11,894: log_options() 'quotes_change_enabled = False'
INFO: 2017-10-13 22:48:11,894: log_options() 'quotes_change_interval = 300'
INFO: 2017-10-13 22:48:11,895: log_options() 'quotes_disabled_sources = [u'QuotesDaddy']'
INFO: 2017-10-13 22:48:11,895: log_options() 'quotes_enabled = False'
INFO: 2017-10-13 22:48:11,895: log_options() 'quotes_favorites_file = /home/swetstil/.config/variety/favorite_quotes.txt'
INFO: 2017-10-13 22:48:11,895: log_options() 'quotes_font = Bitstream Charter 30'
INFO: 2017-10-13 22:48:11,895: log_options() 'quotes_hpos = 100'
INFO: 2017-10-13 22:48:11,895: log_options() 'quotes_tags = '
INFO: 2017-10-13 22:48:11,896: log_options() 'quotes_text_color = [255, 255, 255]'
INFO: 2017-10-13 22:48:11,896: log_options() 'quotes_text_shadow = False'
INFO: 2017-10-13 22:48:11,896: log_options() 'quotes_vpos = 40'
INFO: 2017-10-13 22:48:11,896: log_options() 'quotes_width = 70'
INFO: 2017-10-13 22:48:11,896: log_options() 'slideshow_custom_enabled = False'
INFO: 2017-10-13 22:48:11,897: log_options() 'slideshow_custom_folder = None'
INFO: 2017-10-13 22:48:11,897: log_options() 'slideshow_downloads_enabled = False'
INFO: 2017-10-13 22:48:11,897: log_options() 'slideshow_fade = 0.4'
INFO: 2017-10-13 22:48:11,897: log_options() 'slideshow_favorites_enabled = True'
INFO: 2017-10-13 22:48:11,897: log_options() 'slideshow_mode = Fullscreen'
INFO: 2017-10-13 22:48:11,898: log_options() 'slideshow_monitor = All'
INFO: 2017-10-13 22:48:11,898: log_options() 'slideshow_pan = 0.05'
INFO: 2017-10-13 22:48:11,898: log_options() 'slideshow_seconds = 6.0'
INFO: 2017-10-13 22:48:11,898: log_options() 'slideshow_sort_order = Random'
INFO: 2017-10-13 22:48:11,898: log_options() 'slideshow_sources_enabled = True'
INFO: 2017-10-13 22:48:11,899: log_options() 'slideshow_zoom = 0.2'
INFO: 2017-10-13 22:48:11,899: log_options() 'smart_enabled = True'
INFO: 2017-10-13 22:48:11,899: log_options() 'smart_notice_shown = True'
INFO: 2017-10-13 22:48:11,899: log_options() 'smart_register_shown = False'
INFO: 2017-10-13 22:48:11,899: log_options() 'sources = [[True, 3, u'The Favorites folder'], [True, 4, u'The Fetched folder'], [True, 19, u'Recommended by Variety. Adapts to your taste as you mark images as favorite or trash.'], [False, 20, u'Latest favorites by the other users of Variety. [May contain NSFW images]'], [True, 2, u'/usr/share/backgrounds'], [True, 6, u'Random wallpapers from Desktoppr.co'], [True, 15, u'Bing Photo of the Day'], [True, 16, u'High-resolution photos from Unsplash.com'], [True, 8, u"NASA's Astronomy Picture of the Day"], [False, 11, u'World Sunlight Map - live wallpaper from Die.net'], [True, 14, u'https://www.reddit.com/r/MinimalWallpaper/top/?sort=top&t=year'], [True, 10, u'https://vrty.org/user/~peterlevi/rss'], [True, 7, u'user:www.flickr.com/photos/peter-levi/;user_id:93647178@N00;'], [True, 7, u'text:colorful;user:www.flickr.com/photos/pinksherbet/;user_id:40645538@N00;'], [True, 7, u'user:www.flickr.com/photos/isayx3/;user_id:52821721@N00;'], [True, 5, u'http://www.wallpapers.net/nature-hd-wallpapers78'], [True, 13, u'autumn'], [True, 13, u'nature'], [True, 13, u'macro'], [True, 13, u'leaves'], [True, 13, u'cityscape'], [True, 13, u'tilt shift'], [True, 13, u'bokeh']]'
INFO: 2017-10-13 22:48:11,900: log_options() 'stats_enabled = True'
INFO: 2017-10-13 22:48:11,900: log_options() 'stats_notice_shown = False'
INFO: 2017-10-13 22:48:11,900: log_options() 'sync_enabled = True'
INFO: 2017-10-13 22:48:11,900: log_options() 'use_landscape_enabled = True'
INFO: 2017-10-13 22:48:11,905: reload_config() 'No need to clear prepared queue'
INFO: 2017-10-13 22:48:11,914: prepare_thread() 'Prepared buffer contains 14 images'
INFO: 2017-10-13 22:48:12,025: do_set_wp() 'Calling do_set_wp with /usr/share/backgrounds/warty-final-ubuntu.png, time: 1507924092.03'
INFO: 2017-10-13 22:48:12,075: update_indicator() 'Setting file info to: /usr/share/backgrounds/warty-final-ubuntu.png'
INFO: 2017-10-13 22:48:12,175: set_visible() 'Showing indicator icon'
INFO: 2017-10-13 22:48:12,176: set_from_theme_icon() 'Showing indicator icon variety-indicator from GTK theme'
INFO: 2017-10-13 22:48:12,178: update_indicator() 'Setting file info to: /usr/share/backgrounds/warty-final-ubuntu.png'
INFO: 2017-10-13 22:48:19,760: create_autostart_entry() 'Creating autostart entry'
INFO: 2017-10-13 22:48:19,760: makedirs() 'Creating folder /home/swetstil/.config/autostart/'
INFO: 2017-10-13 22:48:19,761: reload() 'Reloading preferences dialog'
INFO: 2017-10-13 22:48:19,774: load_user() 'smart: Missing smart_user.json, creating new smart user'
INFO: 2017-10-13 22:48:19,775: new_user() 'smart: Creating new smart user'
ERROR: 2017-10-13 22:48:19,778: get_file_icon_name() 'Exception while obtaining folder icon for None:'
Traceback (most recent call last):
  File "/usr/lib/python2.7/dist-packages/variety/Util.py", line 550, in get_file_icon_name
    query_info = f.query_info("standard::icon", Gio.FileQueryInfoFlags.NONE, None)
Error: g-io-error-quark: Ошибка при получении информации о файле «/home/swetstil/None»: No such file or directory (1)
INFO: 2017-10-13 22:48:20,036: _run() 'sync: Started, hash 90a7c6fde4a82b1409c1b9feaa86d4d0'
INFO: 2017-10-13 22:48:22,703: server_options_thread() 'Fetching server options from http://tiny.cc/variety-options-051'
INFO: 2017-10-13 22:48:25,508: server_options_thread() 'Fetched server options: {u'unsplash': {u'min_fill_queue_interval': 1800, u'min_download_interval': 600}, u'wallpapers.net': {u'min_fill_queue_interval': 600, u'min_download_interval': 0}, u'wallhaven': {u'min_fill_queue_interval': 1800, u'min_download_interval': 1800}, u'wallbase': {u'min_fill_queue_interval': 1800, u'min_download_interval': 1800}, u'flickr': {u'min_fill_queue_interval': 1200, u'min_download_interval': 1200}, u'status_message': {u'*': u'', u'0.0.1': u''}}'
INFO: 2017-10-13 22:48:25,856: load_user() 'smart: Missing smart_user.json, creating new smart user'
INFO: 2017-10-13 22:48:25,856: new_user() 'smart: Creating new smart user'
INFO: 2017-10-13 22:48:27,372: load_user() 'smart: Missing smart_user.json, creating new smart user'
INFO: 2017-10-13 22:48:27,372: new_user() 'smart: Creating new smart user'
INFO: 2017-10-13 22:48:28,278: load_user() 'smart: Missing smart_user.json, creating new smart user'
INFO: 2017-10-13 22:48:28,279: new_user() 'smart: Creating new smart user'
ERROR: 2017-10-13 22:48:28,892: _run() 'sync: Could not load or create smart user'
Traceback (most recent call last):
  File "/usr/lib/python2.7/dist-packages/variety/Smart.py", line 478, in _run
    self.load_user(create_if_missing=True)
  File "/usr/lib/python2.7/dist-packages/variety/Smart.py", line 120, in load_user
    self.new_user()
  File "/usr/lib/python2.7/dist-packages/variety/Smart.py", line 128, in new_user
    self.user = Util.fetch_json(Smart.API_URL + '/newuser')
  File "/usr/lib/python2.7/dist-packages/variety/Util.py", line 436, in fetch_json
    return json.loads(Util.fetch(url, data))
  File "/usr/lib/python2.7/dist-packages/variety/Util.py", line 432, in fetch
    return Util.urlopen(url, data).read()
  File "/usr/lib/python2.7/dist-packages/variety/Util.py", line 428, in urlopen
    return urllib2.urlopen(request, data=urllib.urlencode(data) if data else None, timeout=20)
  File "/usr/lib/python2.7/urllib2.py", line 154, in urlopen
    return opener.open(url, data, timeout)
  File "/usr/lib/python2.7/urllib2.py", line 435, in open
    response = meth(req, response)
  File "/usr/lib/python2.7/urllib2.py", line 548, in http_response
    'http', request, response, code, msg, hdrs)
  File "/usr/lib/python2.7/urllib2.py", line 473, in error
    return self._call_chain(*args)
  File "/usr/lib/python2.7/urllib2.py", line 407, in _call_chain
    result = func(*args)
  File "/usr/lib/python2.7/urllib2.py", line 556, in http_error_default
    raise HTTPError(req.get_full_url(), code, msg, hdrs, fp)
HTTPError: HTTP Error 503: Service Temporarily Unavailable
INFO: 2017-10-13 22:48:37,994: trigger_download() 'Triggering one download'
INFO: 2017-10-13 22:48:38,019: purge_downloaded() 'Refreshed download folder size: 0 mb'
INFO: 2017-10-13 22:48:38,020: parse_server_options() 'Flickr: parsing serverside options'
INFO: 2017-10-13 22:48:38,020: parse_server_options() 'Flickr serverside options: {u'min_fill_queue_interval': 1200, u'min_download_interval': 1200}'
INFO: 2017-10-13 22:48:38,021: download_one() 'Downloading an image from Flickr, text:colorful;user:www.flickr.com/photos/pinksherbet/;user_id:40645538@N00;'
INFO: 2017-10-13 22:48:38,021: download_one() 'Queue size: 0'
INFO: 2017-10-13 22:48:38,021: fill_queue() 'Filling Flickr download queue: text:colorful;user:www.flickr.com/photos/pinksherbet/;user_id:40645538@N00;'
INFO: 2017-10-13 22:48:38,021: fetch() 'Making flickr API call: https://api.flickr.com/services/rest/?method=flickr.photos.search&api_key=0553a848c09bcfd21d3a984d9408c04e&per_page=500&tag_mode=all&format=json&nojsoncallback=1&text=colorful&user_id=40645538@N00'
INFO: 2017-10-13 22:48:38,912: fill_queue() '1 pages in the search results, using page 1'
INFO: 2017-10-13 22:48:38,912: fetch() 'Making flickr API call: https://api.flickr.com/services/rest/?method=flickr.photos.search&api_key=0553a848c09bcfd21d3a984d9408c04e&per_page=500&tag_mode=all&format=json&nojsoncallback=1&text=colorful&user_id=40645538@N00&extras=owner_name,description,tags,o_dims,url_o,url_k,url_h,url_l&page=1'
INFO: 2017-10-13 22:48:39,751: process_photos_in_response() 'Queue size is 0, populating with images for size suffix o'
INFO: 2017-10-13 22:48:39,751: process_photos_in_response() 'Queue size is 0, populating with images for size suffix k'
INFO: 2017-10-13 22:48:39,752: process_photos_in_response() 'Queue size is 3, populating with images for size suffix h'
INFO: 2017-10-13 22:48:39,753: process_photos_in_response() 'Queue size is 3, populating with images for size suffix l'
INFO: 2017-10-13 22:48:39,753: fill_queue() 'Flickr queue populated with 3 URLs'
INFO: 2017-10-13 22:48:39,753: download_one() 'Photo URL: https://www.flickr.com/photos/40645538@N00/25073484449'
INFO: 2017-10-13 22:48:39,754: save_locally() 'Origin URL: https://www.flickr.com/photos/40645538@N00/25073484449'
INFO: 2017-10-13 22:48:39,754: save_locally() 'Image URL: https://farm2.staticflickr.com/1538/25073484449_be96507468_k.jpg'
INFO: 2017-10-13 22:48:39,755: save_locally() 'Local name: /home/swetstil/.config/variety/Downloaded/flickr_text_colorful_user_www_flickr_com_photos_pinksherbet__user_id_40645538_N00_/25073484449_be96507468_k.jpg'
INFO: 2017-10-13 22:48:44,741: save_locally() 'Download complete'
INFO: 2017-10-13 22:48:44,742: download_one_from() 'Adding downloaded file /home/swetstil/.config/variety/Downloaded/flickr_text_colorful_user_www_flickr_com_photos_pinksherbet__user_id_40645538_N00_/25073484449_be96507468_k.jpg to prepared_from_downloads queue'
INFO: 2017-10-13 22:48:44,742: update_indicator() 'Setting file info to: /usr/share/backgrounds/warty-final-ubuntu.png'
INFO: 2017-10-13 22:53:02,499: regular_change_thread() 'regular_change changes wallpaper'
INFO: 2017-10-13 22:53:02,500: set_wallpaper() 'Calling set_wallpaper with /home/swetstil/.config/variety/Downloaded/flickr_text_colorful_user_www_flickr_com_photos_pinksherbet__user_id_40645538_N00_/25073484449_be96507468_k.jpg'
INFO: 2017-10-13 22:53:02,500: prepare_thread() 'Prepared buffer contains 14 images'
INFO: 2017-10-13 22:53:02,501: do_set_wp() 'Calling do_set_wp with /home/swetstil/.config/variety/Downloaded/flickr_text_colorful_user_www_flickr_com_photos_pinksherbet__user_id_40645538_N00_/25073484449_be96507468_k.jpg, time: 1507924382.5'
INFO: 2017-10-13 22:53:02,512: update_indicator() 'Setting file info to: /home/swetstil/.config/variety/Downloaded/flickr_text_colorful_user_www_flickr_com_photos_pinksherbet__user_id_40645538_N00_/25073484449_be96507468_k.jpg'
INFO: 2017-10-13 22:58:02,626: regular_change_thread() 'regular_change changes wallpaper'
INFO: 2017-10-13 22:58:02,626: set_wallpaper() 'Calling set_wallpaper with /usr/share/backgrounds/Cielo_estrellado_by_Eduardo_Diez_Viñuela.jpg'
INFO: 2017-10-13 22:58:02,627: prepare_thread() 'Prepared buffer contains 13 images'
INFO: 2017-10-13 22:58:02,628: do_set_wp() 'Calling do_set_wp with /usr/share/backgrounds/Cielo_estrellado_by_Eduardo_Diez_Viñuela.jpg, time: 1507924682.63'
INFO: 2017-10-13 22:58:02,642: update_indicator() 'Setting file info to: /usr/share/backgrounds/Cielo_estrellado_by_Eduardo_Diez_Viñuela.jpg'
INFO: 2017-10-13 22:58:38,019: download_one() 'Downloading an image from MediaRSS, https://vrty.org/user/~peterlevi/rss'
INFO: 2017-10-13 22:58:38,019: download_one() 'Queue size: 0'
INFO: 2017-10-13 22:58:38,020: fill_queue() 'MediaRSS URL: https://vrty.org/user/~peterlevi/rss'
ERROR: 2017-10-13 22:58:38,775: download_thread() 'Could not download wallpaper:'
Traceback (most recent call last):
  File "/usr/lib/python2.7/dist-packages/variety/VarietyWindow.py", line 974, in download_thread
    self.download_one_from(downloader)
  File "/usr/lib/python2.7/dist-packages/variety/VarietyWindow.py", line 1006, in download_one_from
    file = downloader.download_one()
  File "/usr/lib/python2.7/dist-packages/variety/MediaRssDownloader.py", line 73, in download_one
    self.fill_queue()
  File "/usr/lib/python2.7/dist-packages/variety/MediaRssDownloader.py", line 101, in fill_queue
    s = self.fetch(feed_url)
  File "/usr/lib/python2.7/dist-packages/variety/MediaRssDownloader.py", line 42, in fetch
    content = Util.fetch(url)
  File "/usr/lib/python2.7/dist-packages/variety/Util.py", line 432, in fetch
    return Util.urlopen(url, data).read()
  File "/usr/lib/python2.7/dist-packages/variety/Util.py", line 428, in urlopen
    return urllib2.urlopen(request, data=urllib.urlencode(data) if data else None, timeout=20)
  File "/usr/lib/python2.7/urllib2.py", line 154, in urlopen
    return opener.open(url, data, timeout)
  File "/usr/lib/python2.7/urllib2.py", line 435, in open
    response = meth(req, response)
  File "/usr/lib/python2.7/urllib2.py", line 548, in http_response
    'http', request, response, code, msg, hdrs)
  File "/usr/lib/python2.7/urllib2.py", line 473, in error
    return self._call_chain(*args)
  File "/usr/lib/python2.7/urllib2.py", line 407, in _call_chain
    result = func(*args)
  File "/usr/lib/python2.7/urllib2.py", line 556, in http_error_default
    raise HTTPError(req.get_full_url(), code, msg, hdrs, fp)
HTTPError: HTTP Error 404: Not Found
INFO: 2017-10-13 23:03:02,806: regular_change_thread() 'regular_change changes wallpaper'
INFO: 2017-10-13 23:03:02,806: set_wallpaper() 'Calling set_wallpaper with /usr/share/backgrounds/Flora_by_Marek_Koteluk.jpg'
INFO: 2017-10-13 23:03:02,807: do_set_wp() 'Calling do_set_wp with /usr/share/backgrounds/Flora_by_Marek_Koteluk.jpg, time: 1507924982.81'
INFO: 2017-10-13 23:03:02,807: prepare_thread() 'Prepared buffer contains 12 images'
INFO: 2017-10-13 23:03:02,821: update_indicator() 'Setting file info to: /usr/share/backgrounds/Flora_by_Marek_Koteluk.jpg'
INFO: 2017-10-13 23:08:02,999: regular_change_thread() 'regular_change changes wallpaper'
INFO: 2017-10-13 23:08:03,000: set_wallpaper() 'Calling set_wallpaper with /usr/share/backgrounds/TCP118v1_by_Tiziano_Consonni.jpg'
INFO: 2017-10-13 23:08:03,000: prepare_thread() 'Prepared buffer contains 11 images'
INFO: 2017-10-13 23:08:03,002: do_set_wp() 'Calling do_set_wp with /usr/share/backgrounds/TCP118v1_by_Tiziano_Consonni.jpg, time: 1507925283.0'
INFO: 2017-10-13 23:08:03,031: update_indicator() 'Setting file info to: /usr/share/backgrounds/TCP118v1_by_Tiziano_Consonni.jpg'
INFO: 2017-10-13 23:08:38,019: download_one() 'Downloading an image from Reddit, https://www.reddit.com/r/MinimalWallpaper/top/?sort=top&t=year'
INFO: 2017-10-13 23:08:38,020: download_one() 'Queue size: 0'
INFO: 2017-10-13 23:08:38,020: fill_queue() 'Reddit URL: https://www.reddit.com/r/MinimalWallpaper/top/?sort=top&t=year'
INFO: 2017-10-13 23:08:44,836: fill_queue() 'Reddit queue populated with 78 URLs'
INFO: 2017-10-13 23:08:44,837: save_locally() 'Origin URL: http://www.reddit.com/r/MinimalWallpaper/comments/71b6bf/glacier_bay_by_abjam77_2560_1600/'
INFO: 2017-10-13 23:08:44,837: save_locally() 'Image URL: https://i.redd.it/c6aex3rql1nz.jpg'
INFO: 2017-10-13 23:08:44,838: save_locally() 'Local name: /home/swetstil/.config/variety/Downloaded/reddit_www_reddit_com_r_MinimalWallpaper_top__sort_top_t_year/c6aex3rql1nz.jpg'
INFO: 2017-10-13 23:09:13,312: save_locally() 'Download complete'
INFO: 2017-10-13 23:09:13,313: update_indicator() 'Setting file info to: /usr/share/backgrounds/TCP118v1_by_Tiziano_Consonni.jpg'
INFO: 2017-10-13 23:09:13,315: download_one_from() 'Adding downloaded file /home/swetstil/.config/variety/Downloaded/reddit_www_reddit_com_r_MinimalWallpaper_top__sort_top_t_year/c6aex3rql1nz.jpg to prepared_from_downloads queue'
INFO: 2017-10-13 23:13:03,149: regular_change_thread() 'regular_change changes wallpaper'
INFO: 2017-10-13 23:13:03,150: set_wallpaper() 'Calling set_wallpaper with /home/swetstil/.config/variety/Downloaded/reddit_www_reddit_com_r_MinimalWallpaper_top__sort_top_t_year/c6aex3rql1nz.jpg'
INFO: 2017-10-13 23:13:03,150: prepare_thread() 'Prepared buffer contains 11 images'
INFO: 2017-10-13 23:13:03,152: do_set_wp() 'Calling do_set_wp with /home/swetstil/.config/variety/Downloaded/reddit_www_reddit_com_r_MinimalWallpaper_top__sort_top_t_year/c6aex3rql1nz.jpg, time: 1507925583.15'
INFO: 2017-10-13 23:13:03,204: update_indicator() 'Setting file info to: /home/swetstil/.config/variety/Downloaded/reddit_www_reddit_com_r_MinimalWallpaper_top__sort_top_t_year/c6aex3rql1nz.jpg'
INFO: 2017-10-13 23:18:03,447: regular_change_thread() 'regular_change changes wallpaper'
INFO: 2017-10-13 23:18:03,448: set_wallpaper() 'Calling set_wallpaper with /usr/share/backgrounds/clock_by_Bernhard_Hanakam.jpg'
INFO: 2017-10-13 23:18:03,448: prepare_thread() 'Prepared buffer contains 10 images'
INFO: 2017-10-13 23:18:03,450: do_set_wp() 'Calling do_set_wp with /usr/share/backgrounds/clock_by_Bernhard_Hanakam.jpg, time: 1507925883.45'
INFO: 2017-10-13 23:18:03,467: update_indicator() 'Setting file info to: /usr/share/backgrounds/clock_by_Bernhard_Hanakam.jpg'
INFO: 2017-10-13 23:18:38,019: parse_server_options() 'Wallhaven.cc: parsing serverside options'
INFO: 2017-10-13 23:18:38,020: parse_server_options() 'Wallhaven.cc serverside options: {u'min_fill_queue_interval': 1800, u'min_download_interval': 1800}'
INFO: 2017-10-13 23:18:38,020: download_one() 'Downloading an image from Wallhaven.cc, nature'
INFO: 2017-10-13 23:18:38,021: download_one() 'Queue size: 0'
INFO: 2017-10-13 23:18:38,021: fill_queue() 'Filling wallhaven queue: nature'
INFO: 2017-10-13 23:18:38,022: search() 'Performing wallhaven search: url=http://alpha.wallhaven.cc/search?q=nature&categories=111&purity=100&sorting=favorites&order=desc'
INFO: 2017-10-13 23:18:41,161: fill_queue() '300 wallpapers in result, using page 9'
INFO: 2017-10-13 23:18:41,161: search() 'Performing wallhaven search: url=http://alpha.wallhaven.cc/search?q=nature&categories=111&purity=100&sorting=favorites&order=desc&page=9'
INFO: 2017-10-13 23:18:44,059: fill_queue() 'Wallhaven queue populated with 11 URLs'
INFO: 2017-10-13 23:18:44,059: download_one() 'Wallpaper URL: https://alpha.wallhaven.cc/wallpaper/106312'
INFO: 2017-10-13 23:18:46,559: download_one() 'Image src URL: //wallpapers.wallhaven.cc/wallpapers/full/wallhaven-106312.jpg'
INFO: 2017-10-13 23:18:46,580: save_locally() 'Origin URL: https://alpha.wallhaven.cc/wallpaper/106312'
INFO: 2017-10-13 23:18:46,580: save_locally() 'Image URL: //wallpapers.wallhaven.cc/wallpapers/full/wallhaven-106312.jpg'
INFO: 2017-10-13 23:18:46,580: save_locally() 'Local name: /home/swetstil/.config/variety/Downloaded/wallhaven_nature/wallhaven-106312.jpg'
INFO: 2017-10-13 23:18:52,918: save_locally() 'Download complete'
INFO: 2017-10-13 23:18:52,919: update_indicator() 'Setting file info to: /usr/share/backgrounds/clock_by_Bernhard_Hanakam.jpg'
INFO: 2017-10-13 23:18:52,921: download_one_from() 'Adding downloaded file /home/swetstil/.config/variety/Downloaded/wallhaven_nature/wallhaven-106312.jpg to prepared_from_downloads queue'
INFO: 2017-10-13 23:23:03,682: regular_change_thread() 'regular_change changes wallpaper'
INFO: 2017-10-13 23:23:03,683: set_wallpaper() 'Calling set_wallpaper with /home/swetstil/.config/variety/Downloaded/wallhaven_nature/wallhaven-106312.jpg'
INFO: 2017-10-13 23:23:03,683: prepare_thread() 'Prepared buffer contains 10 images'
INFO: 2017-10-13 23:23:03,684: do_set_wp() 'Calling do_set_wp with /home/swetstil/.config/variety/Downloaded/wallhaven_nature/wallhaven-106312.jpg, time: 1507926183.68'
INFO: 2017-10-13 23:23:03,702: update_indicator() 'Setting file info to: /home/swetstil/.config/variety/Downloaded/wallhaven_nature/wallhaven-106312.jpg'
INFO: 2017-10-13 23:28:03,820: regular_change_thread() 'regular_change changes wallpaper'
INFO: 2017-10-13 23:28:03,821: set_wallpaper() 'Calling set_wallpaper with /usr/share/backgrounds/160218-deux-two_by_Pierre_Cante.jpg'
INFO: 2017-10-13 23:28:03,821: prepare_thread() 'Prepared buffer contains 9 images'
INFO: 2017-10-13 23:28:03,823: do_set_wp() 'Calling do_set_wp with /usr/share/backgrounds/160218-deux-two_by_Pierre_Cante.jpg, time: 1507926483.82'
INFO: 2017-10-13 23:28:03,876: update_indicator() 'Setting file info to: /usr/share/backgrounds/160218-deux-two_by_Pierre_Cante.jpg'
INFO: 2017-10-13 23:28:38,019: parse_server_options() 'Wallpapers.net: parsing serverside options'
INFO: 2017-10-13 23:28:38,020: parse_server_options() 'Wallpapers.net serverside options: {u'min_fill_queue_interval': 600, u'min_download_interval': 0}'
INFO: 2017-10-13 23:28:38,020: download_one() 'Downloading an image from Wallpapers.net, http://www.wallpapers.net/nature-hd-wallpapers78'
INFO: 2017-10-13 23:28:38,020: download_one() 'Queue size: 0'
INFO: 2017-10-13 23:28:38,020: fill_queue() 'Category URL: http://www.wallpapers.net/nature-hd-wallpapers78'
ERROR: 2017-10-13 23:28:39,079: download_thread() 'Could not download wallpaper:'
Traceback (most recent call last):
  File "/usr/lib/python2.7/dist-packages/variety/VarietyWindow.py", line 974, in download_thread
    self.download_one_from(downloader)
  File "/usr/lib/python2.7/dist-packages/variety/VarietyWindow.py", line 1006, in download_one_from
    file = downloader.download_one()
  File "/usr/lib/python2.7/dist-packages/variety/WallpapersNetDownloader.py", line 77, in download_one
    self.fill_queue()
  File "/usr/lib/python2.7/dist-packages/variety/WallpapersNetDownloader.py", line 111, in fill_queue
    tree = WallpapersNetDownloader.fetch_and_parse(self.location)
  File "/usr/lib/python2.7/dist-packages/variety/WallpapersNetDownloader.py", line 41, in fetch_and_parse
    html = Util.fetch(url)
  File "/usr/lib/python2.7/dist-packages/variety/Util.py", line 432, in fetch
    return Util.urlopen(url, data).read()
  File "/usr/lib/python2.7/dist-packages/variety/Util.py", line 428, in urlopen
    return urllib2.urlopen(request, data=urllib.urlencode(data) if data else None, timeout=20)
  File "/usr/lib/python2.7/urllib2.py", line 154, in urlopen
    return opener.open(url, data, timeout)
  File "/usr/lib/python2.7/urllib2.py", line 435, in open
    response = meth(req, response)
  File "/usr/lib/python2.7/urllib2.py", line 548, in http_response
    'http', request, response, code, msg, hdrs)
  File "/usr/lib/python2.7/urllib2.py", line 473, in error
    return self._call_chain(*args)
  File "/usr/lib/python2.7/urllib2.py", line 407, in _call_chain
    result = func(*args)
  File "/usr/lib/python2.7/urllib2.py", line 556, in http_error_default
    raise HTTPError(req.get_full_url(), code, msg, hdrs, fp)
HTTPError: HTTP Error 404: Not Found
INFO: 2017-10-13 23:33:04,028: regular_change_thread() 'regular_change changes wallpaper'
INFO: 2017-10-13 23:33:04,029: set_wallpaper() 'Calling set_wallpaper with /usr/share/backgrounds/The_Land_of_Edonias_by_Γιωργος_Αργυροπουλος.jpg'
INFO: 2017-10-13 23:33:04,030: prepare_thread() 'Prepared buffer contains 8 images'
INFO: 2017-10-13 23:33:04,031: do_set_wp() 'Calling do_set_wp with /usr/share/backgrounds/The_Land_of_Edonias_by_Γιωργος_Αργυροπουλος.jpg, time: 1507926784.03'
INFO: 2017-10-13 23:33:04,073: update_indicator() 'Setting file info to: /usr/share/backgrounds/The_Land_of_Edonias_by_Γιωργος_Αργυροπουλος.jpg'
INFO: 2017-10-13 23:38:04,323: regular_change_thread() 'regular_change changes wallpaper'
INFO: 2017-10-13 23:38:04,324: prepare_thread() 'Prepared buffer contains 7 images'
INFO: 2017-10-13 23:38:04,324: set_wallpaper() 'Calling set_wallpaper with /usr/share/backgrounds/Night_lights_by_Alberto_Salvia_Novella.jpg'
INFO: 2017-10-13 23:38:04,324: prepare_thread() 'Preparing some images'
INFO: 2017-10-13 23:38:04,326: do_set_wp() 'Calling do_set_wp with /usr/share/backgrounds/Night_lights_by_Alberto_Salvia_Novella.jpg, time: 1507927084.33'
INFO: 2017-10-13 23:38:04,343: update_indicator() 'Setting file info to: /usr/share/backgrounds/Night_lights_by_Alberto_Salvia_Novella.jpg'
INFO: 2017-10-13 23:38:04,416: prepare_thread() 'After search prepared buffer contains 17 images'
INFO: 2017-10-13 23:38:38,019: parse_server_options() 'Wallhaven.cc: parsing serverside options'
INFO: 2017-10-13 23:38:38,020: parse_server_options() 'Wallhaven.cc serverside options: {u'min_fill_queue_interval': 1800, u'min_download_interval': 1800}'
INFO: 2017-10-13 23:38:38,020: download_one() 'Minimal interval between Wallhaven downloads is 1800, skip this attempt'
INFO: 2017-10-13 23:43:04,547: regular_change_thread() 'regular_change changes wallpaper'
INFO: 2017-10-13 23:43:04,548: set_wallpaper() 'Calling set_wallpaper with /home/swetstil/.config/variety/Downloaded/wallhaven_nature/wallhaven-106312.jpg'
INFO: 2017-10-13 23:43:04,548: prepare_thread() 'Prepared buffer contains 16 images'
INFO: 2017-10-13 23:43:04,550: do_set_wp() 'Calling do_set_wp with /home/swetstil/.config/variety/Downloaded/wallhaven_nature/wallhaven-106312.jpg, time: 1507927384.55'
INFO: 2017-10-13 23:43:04,568: update_indicator() 'Setting file info to: /home/swetstil/.config/variety/Downloaded/wallhaven_nature/wallhaven-106312.jpg'
INFO: 2017-10-13 23:48:04,687: regular_change_thread() 'regular_change changes wallpaper'
INFO: 2017-10-13 23:48:04,688: set_wallpaper() 'Calling set_wallpaper with /usr/share/backgrounds/Spring_by_Peter_Apas.jpg'
INFO: 2017-10-13 23:48:04,688: prepare_thread() 'Prepared buffer contains 15 images'
INFO: 2017-10-13 23:48:04,690: do_set_wp() 'Calling do_set_wp with /usr/share/backgrounds/Spring_by_Peter_Apas.jpg, time: 1507927684.69'
INFO: 2017-10-13 23:48:04,728: update_indicator() 'Setting file info to: /usr/share/backgrounds/Spring_by_Peter_Apas.jpg'
INFO: 2017-10-13 23:48:38,020: parse_server_options() 'Wallhaven.cc: parsing serverside options'
INFO: 2017-10-13 23:48:38,020: parse_server_options() 'Wallhaven.cc serverside options: {u'min_fill_queue_interval': 1800, u'min_download_interval': 1800}'
INFO: 2017-10-13 23:48:38,020: download_one() 'Minimal interval between Wallhaven downloads is 1800, skip this attempt'
INFO: 2017-10-13 23:53:04,880: regular_change_thread() 'regular_change changes wallpaper'
INFO: 2017-10-13 23:53:04,881: set_wallpaper() 'Calling set_wallpaper with /home/swetstil/.config/variety/Downloaded/flickr_text_colorful_user_www_flickr_com_photos_pinksherbet__user_id_40645538_N00_/25073484449_be96507468_k.jpg'
INFO: 2017-10-13 23:53:04,881: prepare_thread() 'Prepared buffer contains 14 images'
INFO: 2017-10-13 23:53:04,882: do_set_wp() 'Calling do_set_wp with /home/swetstil/.config/variety/Downloaded/flickr_text_colorful_user_www_flickr_com_photos_pinksherbet__user_id_40645538_N00_/25073484449_be96507468_k.jpg, time: 1507927984.88'
INFO: 2017-10-13 23:53:04,900: update_indicator() 'Setting file info to: /home/swetstil/.config/variety/Downloaded/flickr_text_colorful_user_www_flickr_com_photos_pinksherbet__user_id_40645538_N00_/25073484449_be96507468_k.jpg'
INFO: 2017-10-13 23:58:05,006: regular_change_thread() 'regular_change changes wallpaper'
INFO: 2017-10-13 23:58:05,007: set_wallpaper() 'Calling set_wallpaper with /usr/share/backgrounds/clock_by_Bernhard_Hanakam.jpg'
INFO: 2017-10-13 23:58:05,007: prepare_thread() 'Prepared buffer contains 13 images'
INFO: 2017-10-13 23:58:05,008: do_set_wp() 'Calling do_set_wp with /usr/share/backgrounds/clock_by_Bernhard_Hanakam.jpg, time: 1507928285.01'
INFO: 2017-10-13 23:58:05,026: update_indicator() 'Setting file info to: /usr/share/backgrounds/clock_by_Bernhard_Hanakam.jpg'
INFO: 2017-10-13 23:58:38,020: parse_server_options() 'Wallhaven.cc: parsing serverside options'
INFO: 2017-10-13 23:58:38,021: parse_server_options() 'Wallhaven.cc serverside options: {u'min_fill_queue_interval': 1800, u'min_download_interval': 1800}'
INFO: 2017-10-13 23:58:38,021: download_one() 'Downloading an image from Wallhaven.cc, tilt shift'
INFO: 2017-10-13 23:58:38,021: download_one() 'Queue size: 0'
INFO: 2017-10-13 23:58:38,022: fill_queue() 'Filling wallhaven queue: tilt shift'
INFO: 2017-10-13 23:58:38,022: search() 'Performing wallhaven search: url=http://alpha.wallhaven.cc/search?q=tilt%20shift&categories=111&purity=100&sorting=favorites&order=desc'
INFO: 2017-10-13 23:58:39,691: fill_queue() '347 wallpapers in result, using page 2'
INFO: 2017-10-13 23:58:39,691: search() 'Performing wallhaven search: url=http://alpha.wallhaven.cc/search?q=tilt%20shift&categories=111&purity=100&sorting=favorites&order=desc&page=2'
INFO: 2017-10-13 23:58:41,270: fill_queue() 'Wallhaven queue populated with 12 URLs'
INFO: 2017-10-13 23:58:41,270: download_one() 'Wallpaper URL: https://alpha.wallhaven.cc/wallpaper/176971'
INFO: 2017-10-13 23:58:42,480: download_one() 'Image src URL: //wallpapers.wallhaven.cc/wallpapers/full/wallhaven-176971.jpg'
INFO: 2017-10-13 23:58:42,495: save_locally() 'Origin URL: https://alpha.wallhaven.cc/wallpaper/176971'
INFO: 2017-10-13 23:58:42,495: save_locally() 'Image URL: //wallpapers.wallhaven.cc/wallpapers/full/wallhaven-176971.jpg'
INFO: 2017-10-13 23:58:42,496: save_locally() 'Local name: /home/swetstil/.config/variety/Downloaded/wallhaven_tilt_shift/wallhaven-176971.jpg'
INFO: 2017-10-13 23:58:47,097: save_locally() 'Download complete'
INFO: 2017-10-13 23:58:47,098: update_indicator() 'Setting file info to: /usr/share/backgrounds/clock_by_Bernhard_Hanakam.jpg'
INFO: 2017-10-13 23:58:47,100: download_one_from() 'Adding downloaded file /home/swetstil/.config/variety/Downloaded/wallhaven_tilt_shift/wallhaven-176971.jpg to prepared_from_downloads queue'
INFO: 2017-10-14 00:03:05,143: regular_change_thread() 'regular_change changes wallpaper'
INFO: 2017-10-14 00:03:05,144: set_wallpaper() 'Calling set_wallpaper with /home/swetstil/.config/variety/Downloaded/wallhaven_tilt_shift/wallhaven-176971.jpg'
INFO: 2017-10-14 00:03:05,144: prepare_thread() 'Prepared buffer contains 13 images'
INFO: 2017-10-14 00:03:05,146: do_set_wp() 'Calling do_set_wp with /home/swetstil/.config/variety/Downloaded/wallhaven_tilt_shift/wallhaven-176971.jpg, time: 1507928585.15'
INFO: 2017-10-14 00:03:05,166: update_indicator() 'Setting file info to: /home/swetstil/.config/variety/Downloaded/wallhaven_tilt_shift/wallhaven-176971.jpg'
INFO: 2017-10-14 00:08:05,283: regular_change_thread() 'regular_change changes wallpaper'
INFO: 2017-10-14 00:08:05,284: set_wallpaper() 'Calling set_wallpaper with /usr/share/backgrounds/Cielo_estrellado_by_Eduardo_Diez_Viñuela.jpg'
INFO: 2017-10-14 00:08:05,284: prepare_thread() 'Prepared buffer contains 12 images'
INFO: 2017-10-14 00:08:05,286: do_set_wp() 'Calling do_set_wp with /usr/share/backgrounds/Cielo_estrellado_by_Eduardo_Diez_Viñuela.jpg, time: 1507928885.29'
INFO: 2017-10-14 00:08:05,302: update_indicator() 'Setting file info to: /usr/share/backgrounds/Cielo_estrellado_by_Eduardo_Diez_Viñuela.jpg'
INFO: 2017-10-14 00:08:38,020: parse_server_options() 'Wallhaven.cc: parsing serverside options'
INFO: 2017-10-14 00:08:38,021: parse_server_options() 'Wallhaven.cc serverside options: {u'min_fill_queue_interval': 1800, u'min_download_interval': 1800}'
INFO: 2017-10-14 00:08:38,021: download_one() 'Minimal interval between Wallhaven downloads is 1800, skip this attempt'
INFO: 2017-10-14 00:13:05,426: regular_change_thread() 'regular_change changes wallpaper'
INFO: 2017-10-14 00:13:05,427: set_wallpaper() 'Calling set_wallpaper with /usr/share/backgrounds/Night_lights_by_Alberto_Salvia_Novella.jpg'
INFO: 2017-10-14 00:13:05,427: prepare_thread() 'Prepared buffer contains 11 images'
INFO: 2017-10-14 00:13:05,428: do_set_wp() 'Calling do_set_wp with /usr/share/backgrounds/Night_lights_by_Alberto_Salvia_Novella.jpg, time: 1507929185.43'
INFO: 2017-10-14 00:13:05,446: update_indicator() 'Setting file info to: /usr/share/backgrounds/Night_lights_by_Alberto_Salvia_Novella.jpg'
INFO: 2017-10-14 00:18:05,556: regular_change_thread() 'regular_change changes wallpaper'
INFO: 2017-10-14 00:18:05,557: set_wallpaper() 'Calling set_wallpaper with /usr/share/backgrounds/Black_hole_by_Marek_Koteluk.jpg'
INFO: 2017-10-14 00:18:05,557: prepare_thread() 'Prepared buffer contains 10 images'
INFO: 2017-10-14 00:18:05,558: do_set_wp() 'Calling do_set_wp with /usr/share/backgrounds/Black_hole_by_Marek_Koteluk.jpg, time: 1507929485.56'
INFO: 2017-10-14 00:18:05,572: update_indicator() 'Setting file info to: /usr/share/backgrounds/Black_hole_by_Marek_Koteluk.jpg'
INFO: 2017-10-14 00:18:38,021: parse_server_options() 'Wallhaven.cc: parsing serverside options'
INFO: 2017-10-14 00:18:38,021: parse_server_options() 'Wallhaven.cc serverside options: {u'min_fill_queue_interval': 1800, u'min_download_interval': 1800}'
INFO: 2017-10-14 00:18:38,022: download_one() 'Minimal interval between Wallhaven downloads is 1800, skip this attempt'
INFO: 2017-10-14 00:23:05,828: regular_change_thread() 'regular_change changes wallpaper'
INFO: 2017-10-14 00:23:05,829: set_wallpaper() 'Calling set_wallpaper with /usr/share/backgrounds/Flora_by_Marek_Koteluk.jpg'
INFO: 2017-10-14 00:23:05,830: prepare_thread() 'Prepared buffer contains 9 images'
INFO: 2017-10-14 00:23:05,831: do_set_wp() 'Calling do_set_wp with /usr/share/backgrounds/Flora_by_Marek_Koteluk.jpg, time: 1507929785.83'
INFO: 2017-10-14 00:23:05,851: update_indicator() 'Setting file info to: /usr/share/backgrounds/Flora_by_Marek_Koteluk.jpg'
INFO: 2017-10-14 00:28:05,955: regular_change_thread() 'regular_change changes wallpaper'
INFO: 2017-10-14 00:28:05,956: set_wallpaper() 'Calling set_wallpaper with /usr/share/backgrounds/TCP118v1_by_Tiziano_Consonni.jpg'
INFO: 2017-10-14 00:28:05,956: prepare_thread() 'Prepared buffer contains 8 images'
INFO: 2017-10-14 00:28:05,958: prepare_thread() 'Preparing some images'
INFO: 2017-10-14 00:28:05,958: do_set_wp() 'Calling do_set_wp with /usr/share/backgrounds/TCP118v1_by_Tiziano_Consonni.jpg, time: 1507930085.96'
INFO: 2017-10-14 00:28:05,976: update_indicator() 'Setting file info to: /usr/share/backgrounds/TCP118v1_by_Tiziano_Consonni.jpg'
INFO: 2017-10-14 00:28:06,001: prepare_thread() 'After search prepared buffer contains 18 images'
INFO: 2017-10-14 00:28:38,021: parse_server_options() 'Wallhaven.cc: parsing serverside options'
INFO: 2017-10-14 00:28:38,022: parse_server_options() 'Wallhaven.cc serverside options: {u'min_fill_queue_interval': 1800, u'min_download_interval': 1800}'
INFO: 2017-10-14 00:28:38,022: download_one() 'Minimal interval between Wallhaven downloads is 1800, skip this attempt'
INFO: 2017-10-14 00:33:06,081: regular_change_thread() 'regular_change changes wallpaper'
INFO: 2017-10-14 00:33:06,081: set_wallpaper() 'Calling set_wallpaper with /usr/share/backgrounds/Spring_by_Peter_Apas.jpg'
INFO: 2017-10-14 00:33:06,081: prepare_thread() 'Prepared buffer contains 17 images'
INFO: 2017-10-14 00:33:06,082: do_set_wp() 'Calling do_set_wp with /usr/share/backgrounds/Spring_by_Peter_Apas.jpg, time: 1507930386.08'
INFO: 2017-10-14 00:33:06,098: update_indicator() 'Setting file info to: /usr/share/backgrounds/Spring_by_Peter_Apas.jpg'
INFO: 2017-10-14 00:38:06,236: regular_change_thread() 'regular_change changes wallpaper'
INFO: 2017-10-14 00:38:06,236: set_wallpaper() 'Calling set_wallpaper with /usr/share/backgrounds/160218-deux-two_by_Pierre_Cante.jpg'
INFO: 2017-10-14 00:38:06,237: prepare_thread() 'Prepared buffer contains 16 images'
INFO: 2017-10-14 00:38:06,238: do_set_wp() 'Calling do_set_wp with /usr/share/backgrounds/160218-deux-two_by_Pierre_Cante.jpg, time: 1507930686.24'
INFO: 2017-10-14 00:38:06,255: update_indicator() 'Setting file info to: /usr/share/backgrounds/160218-deux-two_by_Pierre_Cante.jpg'
INFO: 2017-10-14 00:38:38,021: parse_server_options() 'Wallhaven.cc: parsing serverside options'
INFO: 2017-10-14 00:38:38,022: parse_server_options() 'Wallhaven.cc serverside options: {u'min_fill_queue_interval': 1800, u'min_download_interval': 1800}'
INFO: 2017-10-14 00:38:38,022: download_one() 'Downloading an image from Wallhaven.cc, tilt shift'
INFO: 2017-10-14 00:38:38,022: download_one() 'Queue size: 11'
INFO: 2017-10-14 00:38:38,022: download_one() 'Wallpaper URL: https://alpha.wallhaven.cc/wallpaper/174277'
ERROR: 2017-10-14 00:39:18,172: download_thread() 'Could not download wallpaper:'
Traceback (most recent call last):
  File "/usr/lib/python2.7/dist-packages/variety/VarietyWindow.py", line 974, in download_thread
    self.download_one_from(downloader)
  File "/usr/lib/python2.7/dist-packages/variety/VarietyWindow.py", line 1006, in download_one_from
    file = downloader.download_one()
  File "/usr/lib/python2.7/dist-packages/variety/WallhavenDownloader.py", line 107, in download_one
    s = Util.html_soup(wallpaper_url)
  File "/usr/lib/python2.7/dist-packages/variety/Util.py", line 440, in html_soup
    return bs4.BeautifulSoup(Util.urlopen(url, data).read())
  File "/usr/lib/python2.7/dist-packages/variety/Util.py", line 428, in urlopen
    return urllib2.urlopen(request, data=urllib.urlencode(data) if data else None, timeout=20)
  File "/usr/lib/python2.7/urllib2.py", line 154, in urlopen
    return opener.open(url, data, timeout)
  File "/usr/lib/python2.7/urllib2.py", line 429, in open
    response = self._open(req, data)
  File "/usr/lib/python2.7/urllib2.py", line 447, in _open
    '_open', req)
  File "/usr/lib/python2.7/urllib2.py", line 407, in _call_chain
    result = func(*args)
  File "/usr/lib/python2.7/urllib2.py", line 1241, in https_open
    context=self._context)
  File "/usr/lib/python2.7/urllib2.py", line 1198, in do_open
    raise URLError(err)
URLError: <urlopen error [Errno 101] Сеть недоступна>
INFO: 2017-10-14 00:43:06,360: regular_change_thread() 'regular_change changes wallpaper'
INFO: 2017-10-14 00:43:06,361: set_wallpaper() 'Calling set_wallpaper with /usr/share/backgrounds/The_Land_of_Edonias_by_Γιωργος_Αργυροπουλος.jpg'
INFO: 2017-10-14 00:43:06,361: prepare_thread() 'Prepared buffer contains 15 images'
INFO: 2017-10-14 00:43:06,363: do_set_wp() 'Calling do_set_wp with /usr/share/backgrounds/The_Land_of_Edonias_by_Γιωργος_Αργυροπουλος.jpg, time: 1507930986.36'
INFO: 2017-10-14 00:43:06,380: update_indicator() 'Setting file info to: /usr/share/backgrounds/The_Land_of_Edonias_by_Γιωργος_Αργυροπουλος.jpg'
INFO: 2017-10-14 00:48:06,488: regular_change_thread() 'regular_change changes wallpaper'
INFO: 2017-10-14 00:48:06,489: set_wallpaper() 'Calling set_wallpaper with /usr/share/backgrounds/TCP118v1_by_Tiziano_Consonni.jpg'
INFO: 2017-10-14 00:48:06,489: prepare_thread() 'Prepared buffer contains 14 images'
INFO: 2017-10-14 00:48:06,491: do_set_wp() 'Calling do_set_wp with /usr/share/backgrounds/TCP118v1_by_Tiziano_Consonni.jpg, time: 1507931286.49'
INFO: 2017-10-14 00:48:06,537: update_indicator() 'Setting file info to: /usr/share/backgrounds/TCP118v1_by_Tiziano_Consonni.jpg'
INFO: 2017-10-14 00:48:38,021: parse_server_options() 'Wallhaven.cc: parsing serverside options'
INFO: 2017-10-14 00:48:38,022: parse_server_options() 'Wallhaven.cc serverside options: {u'min_fill_queue_interval': 1800, u'min_download_interval': 1800}'
INFO: 2017-10-14 00:48:38,022: download_one() 'Minimal interval between Wallhaven downloads is 1800, skip this attempt'
INFO: 2017-10-14 00:53:06,790: regular_change_thread() 'regular_change changes wallpaper'
INFO: 2017-10-14 00:53:06,790: set_wallpaper() 'Calling set_wallpaper with /home/swetstil/.config/variety/Downloaded/reddit_www_reddit_com_r_MinimalWallpaper_top__sort_top_t_year/c6aex3rql1nz.jpg'
INFO: 2017-10-14 00:53:06,791: prepare_thread() 'Prepared buffer contains 13 images'
INFO: 2017-10-14 00:53:06,792: do_set_wp() 'Calling do_set_wp with /home/swetstil/.config/variety/Downloaded/reddit_www_reddit_com_r_MinimalWallpaper_top__sort_top_t_year/c6aex3rql1nz.jpg, time: 1507931586.79'
INFO: 2017-10-14 00:53:06,807: update_indicator() 'Setting file info to: /home/swetstil/.config/variety/Downloaded/reddit_www_reddit_com_r_MinimalWallpaper_top__sort_top_t_year/c6aex3rql1nz.jpg'
INFO: 2017-10-14 00:58:07,005: regular_change_thread() 'regular_change changes wallpaper'
INFO: 2017-10-14 00:58:07,006: set_wallpaper() 'Calling set_wallpaper with /usr/share/backgrounds/Dans_ma_bulle_by_Christophe_Weibel.jpg'
INFO: 2017-10-14 00:58:07,006: prepare_thread() 'Prepared buffer contains 12 images'
INFO: 2017-10-14 00:58:07,007: do_set_wp() 'Calling do_set_wp with /usr/share/backgrounds/Dans_ma_bulle_by_Christophe_Weibel.jpg, time: 1507931887.01'
INFO: 2017-10-14 00:58:07,028: update_indicator() 'Setting file info to: /usr/share/backgrounds/Dans_ma_bulle_by_Christophe_Weibel.jpg'
INFO: 2017-10-14 00:58:38,022: parse_server_options() 'Wallhaven.cc: parsing serverside options'
INFO: 2017-10-14 00:58:38,022: parse_server_options() 'Wallhaven.cc serverside options: {u'min_fill_queue_interval': 1800, u'min_download_interval': 1800}'
INFO: 2017-10-14 00:58:38,023: download_one() 'Minimal interval between Wallhaven downloads is 1800, skip this attempt'
INFO: 2017-10-14 01:03:07,161: regular_change_thread() 'regular_change changes wallpaper'
INFO: 2017-10-14 01:03:07,161: set_wallpaper() 'Calling set_wallpaper with /usr/share/backgrounds/Icy_Grass_by_Raymond_Lavoie.jpg'
INFO: 2017-10-14 01:03:07,161: prepare_thread() 'Prepared buffer contains 11 images'
INFO: 2017-10-14 01:03:07,162: do_set_wp() 'Calling do_set_wp with /usr/share/backgrounds/Icy_Grass_by_Raymond_Lavoie.jpg, time: 1507932187.16'
INFO: 2017-10-14 01:03:07,182: update_indicator() 'Setting file info to: /usr/share/backgrounds/Icy_Grass_by_Raymond_Lavoie.jpg'
INFO: 2017-10-14 01:08:07,338: regular_change_thread() 'regular_change changes wallpaper'
INFO: 2017-10-14 01:08:07,339: set_wallpaper() 'Calling set_wallpaper with /usr/share/backgrounds/Xerus_Wallpaper_Grey_4096x2304.png'
INFO: 2017-10-14 01:08:07,340: prepare_thread() 'Prepared buffer contains 10 images'
INFO: 2017-10-14 01:08:07,342: do_set_wp() 'Calling do_set_wp with /usr/share/backgrounds/Xerus_Wallpaper_Grey_4096x2304.png, time: 1507932487.34'
INFO: 2017-10-14 01:08:07,359: update_indicator() 'Setting file info to: /usr/share/backgrounds/Xerus_Wallpaper_Grey_4096x2304.png'
INFO: 2017-10-14 01:08:38,022: parse_server_options() 'Flickr: parsing serverside options'
INFO: 2017-10-14 01:08:38,022: parse_server_options() 'Flickr serverside options: {u'min_fill_queue_interval': 1200, u'min_download_interval': 1200}'
INFO: 2017-10-14 01:08:38,022: download_one() 'Downloading an image from Flickr, text:colorful;user:www.flickr.com/photos/pinksherbet/;user_id:40645538@N00;'
INFO: 2017-10-14 01:08:38,023: download_one() 'Queue size: 2'
INFO: 2017-10-14 01:08:38,023: download_one() 'Photo URL: https://www.flickr.com/photos/40645538@N00/25566097412'
INFO: 2017-10-14 01:08:38,023: save_locally() 'Origin URL: https://www.flickr.com/photos/40645538@N00/25566097412'
INFO: 2017-10-14 01:08:38,023: save_locally() 'Image URL: https://farm2.staticflickr.com/1506/25566097412_d360691dfb_k.jpg'
INFO: 2017-10-14 01:08:38,023: save_locally() 'Local name: /home/swetstil/.config/variety/Downloaded/flickr_text_colorful_user_www_flickr_com_photos_pinksherbet__user_id_40645538_N00_/25566097412_d360691dfb_k.jpg'
INFO: 2017-10-14 01:08:39,688: save_locally() 'Download complete'
INFO: 2017-10-14 01:08:39,691: update_indicator() 'Setting file info to: /usr/share/backgrounds/Xerus_Wallpaper_Grey_4096x2304.png'
INFO: 2017-10-14 01:08:39,701: download_one_from() 'Adding downloaded file /home/swetstil/.config/variety/Downloaded/flickr_text_colorful_user_www_flickr_com_photos_pinksherbet__user_id_40645538_N00_/25566097412_d360691dfb_k.jpg to prepared_from_downloads queue'
INFO: 2017-10-14 01:13:07,513: regular_change_thread() 'regular_change changes wallpaper'
INFO: 2017-10-14 01:13:07,513: set_wallpaper() 'Calling set_wallpaper with /home/swetstil/.config/variety/Downloaded/flickr_text_colorful_user_www_flickr_com_photos_pinksherbet__user_id_40645538_N00_/25566097412_d360691dfb_k.jpg'
INFO: 2017-10-14 01:13:07,514: prepare_thread() 'Prepared buffer contains 10 images'
INFO: 2017-10-14 01:13:07,515: do_set_wp() 'Calling do_set_wp with /home/swetstil/.config/variety/Downloaded/flickr_text_colorful_user_www_flickr_com_photos_pinksherbet__user_id_40645538_N00_/25566097412_d360691dfb_k.jpg, time: 1507932787.52'
INFO: 2017-10-14 01:13:07,527: update_indicator() 'Setting file info to: /home/swetstil/.config/variety/Downloaded/flickr_text_colorful_user_www_flickr_com_photos_pinksherbet__user_id_40645538_N00_/25566097412_d360691dfb_k.jpg'
INFO: 2017-10-14 01:18:07,656: regular_change_thread() 'regular_change changes wallpaper'
INFO: 2017-10-14 01:18:07,656: set_wallpaper() 'Calling set_wallpaper with /usr/share/backgrounds/clock_by_Bernhard_Hanakam.jpg'
INFO: 2017-10-14 01:18:07,657: prepare_thread() 'Prepared buffer contains 9 images'
INFO: 2017-10-14 01:18:07,659: prepare_thread() 'Preparing some images'
INFO: 2017-10-14 01:18:07,660: do_set_wp() 'Calling do_set_wp with /usr/share/backgrounds/clock_by_Bernhard_Hanakam.jpg, time: 1507933087.66'
INFO: 2017-10-14 01:18:07,674: prepare_thread() 'After search prepared buffer contains 19 images'
INFO: 2017-10-14 01:18:07,678: update_indicator() 'Setting file info to: /usr/share/backgrounds/clock_by_Bernhard_Hanakam.jpg'
INFO: 2017-10-14 01:18:38,022: parse_server_options() 'Flickr: parsing serverside options'
INFO: 2017-10-14 01:18:38,023: parse_server_options() 'Flickr serverside options: {u'min_fill_queue_interval': 1200, u'min_download_interval': 1200}'
INFO: 2017-10-14 01:18:38,023: download_one() 'Minimal interval between Flickr downloads is 1200, skip this attempt'
INFO: 2017-10-14 01:23:07,814: regular_change_thread() 'regular_change changes wallpaper'
INFO: 2017-10-14 01:23:07,814: set_wallpaper() 'Calling set_wallpaper with /home/swetstil/.config/variety/Downloaded/flickr_text_colorful_user_www_flickr_com_photos_pinksherbet__user_id_40645538_N00_/25073484449_be96507468_k.jpg'
INFO: 2017-10-14 01:23:07,815: prepare_thread() 'Prepared buffer contains 18 images'
INFO: 2017-10-14 01:23:07,815: do_set_wp() 'Calling do_set_wp with /home/swetstil/.config/variety/Downloaded/flickr_text_colorful_user_www_flickr_com_photos_pinksherbet__user_id_40645538_N00_/25073484449_be96507468_k.jpg, time: 1507933387.82'
INFO: 2017-10-14 01:23:07,834: update_indicator() 'Setting file info to: /home/swetstil/.config/variety/Downloaded/flickr_text_colorful_user_www_flickr_com_photos_pinksherbet__user_id_40645538_N00_/25073484449_be96507468_k.jpg'
INFO: 2017-10-14 01:28:07,987: regular_change_thread() 'regular_change changes wallpaper'
INFO: 2017-10-14 01:28:07,988: set_wallpaper() 'Calling set_wallpaper with /usr/share/backgrounds/clock_by_Bernhard_Hanakam.jpg'
INFO: 2017-10-14 01:28:07,988: prepare_thread() 'Prepared buffer contains 17 images'
INFO: 2017-10-14 01:28:07,990: do_set_wp() 'Calling do_set_wp with /usr/share/backgrounds/clock_by_Bernhard_Hanakam.jpg, time: 1507933687.99'
INFO: 2017-10-14 01:28:08,002: update_indicator() 'Setting file info to: /usr/share/backgrounds/clock_by_Bernhard_Hanakam.jpg'
INFO: 2017-10-14 01:28:38,022: parse_server_options() 'Wallhaven.cc: parsing serverside options'
INFO: 2017-10-14 01:28:38,023: parse_server_options() 'Wallhaven.cc serverside options: {u'min_fill_queue_interval': 1800, u'min_download_interval': 1800}'
INFO: 2017-10-14 01:28:38,023: download_one() 'Downloading an image from Wallhaven.cc, leaves'
INFO: 2017-10-14 01:28:38,024: download_one() 'Queue size: 0'
INFO: 2017-10-14 01:28:38,024: fill_queue() 'Filling wallhaven queue: leaves'
INFO: 2017-10-14 01:28:38,024: search() 'Performing wallhaven search: url=http://alpha.wallhaven.cc/search?q=leaves&categories=111&purity=100&sorting=favorites&order=desc'
INFO: 2017-10-14 01:28:40,140: fill_queue() '300 wallpapers in result, using page 3'
INFO: 2017-10-14 01:28:40,140: search() 'Performing wallhaven search: url=http://alpha.wallhaven.cc/search?q=leaves&categories=111&purity=100&sorting=favorites&order=desc&page=3'
INFO: 2017-10-14 01:28:42,538: fill_queue() 'Wallhaven queue populated with 12 URLs'
INFO: 2017-10-14 01:28:42,538: download_one() 'Wallpaper URL: https://alpha.wallhaven.cc/wallpaper/276505'
INFO: 2017-10-14 01:28:44,296: download_one() 'Image src URL: //wallpapers.wallhaven.cc/wallpapers/full/wallhaven-276505.jpg'
INFO: 2017-10-14 01:28:44,314: save_locally() 'Origin URL: https://alpha.wallhaven.cc/wallpaper/276505'
INFO: 2017-10-14 01:28:44,315: save_locally() 'Image URL: //wallpapers.wallhaven.cc/wallpapers/full/wallhaven-276505.jpg'
INFO: 2017-10-14 01:28:44,315: save_locally() 'Local name: /home/swetstil/.config/variety/Downloaded/wallhaven_leaves/wallhaven-276505.jpg'
INFO: 2017-10-14 01:28:46,972: save_locally() 'Download complete'
INFO: 2017-10-14 01:28:46,973: update_indicator() 'Setting file info to: /usr/share/backgrounds/clock_by_Bernhard_Hanakam.jpg'
INFO: 2017-10-14 01:28:46,974: download_one_from() 'Adding downloaded file /home/swetstil/.config/variety/Downloaded/wallhaven_leaves/wallhaven-276505.jpg to prepared_from_downloads queue'
INFO: 2017-10-14 01:33:08,130: regular_change_thread() 'regular_change changes wallpaper'
INFO: 2017-10-14 01:33:08,130: set_wallpaper() 'Calling set_wallpaper with /home/swetstil/.config/variety/Downloaded/wallhaven_leaves/wallhaven-276505.jpg'
INFO: 2017-10-14 01:33:08,131: prepare_thread() 'Prepared buffer contains 17 images'
INFO: 2017-10-14 01:33:08,132: do_set_wp() 'Calling do_set_wp with /home/swetstil/.config/variety/Downloaded/wallhaven_leaves/wallhaven-276505.jpg, time: 1507933988.13'
INFO: 2017-10-14 01:33:08,151: update_indicator() 'Setting file info to: /home/swetstil/.config/variety/Downloaded/wallhaven_leaves/wallhaven-276505.jpg'
INFO: 2017-10-14 01:38:08,265: regular_change_thread() 'regular_change changes wallpaper'
INFO: 2017-10-14 01:38:08,266: set_wallpaper() 'Calling set_wallpaper with /home/swetstil/.config/variety/Downloaded/wallhaven_tilt_shift/wallhaven-176971.jpg'
INFO: 2017-10-14 01:38:08,266: prepare_thread() 'Prepared buffer contains 16 images'
INFO: 2017-10-14 01:38:08,268: do_set_wp() 'Calling do_set_wp with /home/swetstil/.config/variety/Downloaded/wallhaven_tilt_shift/wallhaven-176971.jpg, time: 1507934288.27'
INFO: 2017-10-14 01:38:08,288: update_indicator() 'Setting file info to: /home/swetstil/.config/variety/Downloaded/wallhaven_tilt_shift/wallhaven-176971.jpg'
INFO: 2017-10-14 01:38:38,023: parse_server_options() 'Flickr: parsing serverside options'
INFO: 2017-10-14 01:38:38,023: parse_server_options() 'Flickr serverside options: {u'min_fill_queue_interval': 1200, u'min_download_interval': 1200}'
INFO: 2017-10-14 01:38:38,023: download_one() 'Downloading an image from Flickr, text:colorful;user:www.flickr.com/photos/pinksherbet/;user_id:40645538@N00;'
INFO: 2017-10-14 01:38:38,023: download_one() 'Queue size: 1'
INFO: 2017-10-14 01:38:38,024: download_one() 'Photo URL: https://www.flickr.com/photos/40645538@N00/25383998850'
INFO: 2017-10-14 01:38:38,024: save_locally() 'Origin URL: https://www.flickr.com/photos/40645538@N00/25383998850'
INFO: 2017-10-14 01:38:38,024: save_locally() 'Image URL: https://farm2.staticflickr.com/1579/25383998850_289d82ab84_k.jpg'
INFO: 2017-10-14 01:38:38,024: save_locally() 'Local name: /home/swetstil/.config/variety/Downloaded/flickr_text_colorful_user_www_flickr_com_photos_pinksherbet__user_id_40645538_N00_/25383998850_289d82ab84_k.jpg'
INFO: 2017-10-14 01:38:41,331: save_locally() 'Download complete'
INFO: 2017-10-14 01:38:41,332: update_indicator() 'Setting file info to: /home/swetstil/.config/variety/Downloaded/wallhaven_tilt_shift/wallhaven-176971.jpg'
INFO: 2017-10-14 01:38:41,334: download_one_from() 'Adding downloaded file /home/swetstil/.config/variety/Downloaded/flickr_text_colorful_user_www_flickr_com_photos_pinksherbet__user_id_40645538_N00_/25383998850_289d82ab84_k.jpg to prepared_from_downloads queue'
INFO: 2017-10-14 01:43:08,404: regular_change_thread() 'regular_change changes wallpaper'
INFO: 2017-10-14 01:43:08,405: set_wallpaper() 'Calling set_wallpaper with /home/swetstil/.config/variety/Downloaded/flickr_text_colorful_user_www_flickr_com_photos_pinksherbet__user_id_40645538_N00_/25383998850_289d82ab84_k.jpg'
INFO: 2017-10-14 01:43:08,406: prepare_thread() 'Prepared buffer contains 16 images'
INFO: 2017-10-14 01:43:08,406: do_set_wp() 'Calling do_set_wp with /home/swetstil/.config/variety/Downloaded/flickr_text_colorful_user_www_flickr_com_photos_pinksherbet__user_id_40645538_N00_/25383998850_289d82ab84_k.jpg, time: 1507934588.41'
INFO: 2017-10-14 01:43:08,423: update_indicator() 'Setting file info to: /home/swetstil/.config/variety/Downloaded/flickr_text_colorful_user_www_flickr_com_photos_pinksherbet__user_id_40645538_N00_/25383998850_289d82ab84_k.jpg'
INFO: 2017-10-14 01:48:08,610: regular_change_thread() 'regular_change changes wallpaper'
INFO: 2017-10-14 01:48:08,610: set_wallpaper() 'Calling set_wallpaper with /usr/share/backgrounds/warty-final-ubuntu.png'
INFO: 2017-10-14 01:48:08,611: prepare_thread() 'Prepared buffer contains 15 images'
INFO: 2017-10-14 01:48:08,612: do_set_wp() 'Calling do_set_wp with /usr/share/backgrounds/warty-final-ubuntu.png, time: 1507934888.61'
INFO: 2017-10-14 01:48:08,631: update_indicator() 'Setting file info to: /usr/share/backgrounds/warty-final-ubuntu.png'
INFO: 2017-10-14 01:48:38,023: parse_server_options() 'Wallpapers.net: parsing serverside options'
INFO: 2017-10-14 01:48:38,024: parse_server_options() 'Wallpapers.net serverside options: {u'min_fill_queue_interval': 600, u'min_download_interval': 0}'
INFO: 2017-10-14 01:48:38,024: download_one() 'Downloading an image from Wallpapers.net, http://www.wallpapers.net/nature-hd-wallpapers78'
INFO: 2017-10-14 01:48:38,025: download_one() 'Queue size: 0'
INFO: 2017-10-14 01:48:38,025: fill_queue() 'Category URL: http://www.wallpapers.net/nature-hd-wallpapers78'
ERROR: 2017-10-14 01:48:38,888: download_thread() 'Could not download wallpaper:'
Traceback (most recent call last):
  File "/usr/lib/python2.7/dist-packages/variety/VarietyWindow.py", line 974, in download_thread
    self.download_one_from(downloader)
  File "/usr/lib/python2.7/dist-packages/variety/VarietyWindow.py", line 1006, in download_one_from
    file = downloader.download_one()
  File "/usr/lib/python2.7/dist-packages/variety/WallpapersNetDownloader.py", line 77, in download_one
    self.fill_queue()
  File "/usr/lib/python2.7/dist-packages/variety/WallpapersNetDownloader.py", line 111, in fill_queue
    tree = WallpapersNetDownloader.fetch_and_parse(self.location)
  File "/usr/lib/python2.7/dist-packages/variety/WallpapersNetDownloader.py", line 41, in fetch_and_parse
    html = Util.fetch(url)
  File "/usr/lib/python2.7/dist-packages/variety/Util.py", line 432, in fetch
    return Util.urlopen(url, data).read()
  File "/usr/lib/python2.7/dist-packages/variety/Util.py", line 428, in urlopen
    return urllib2.urlopen(request, data=urllib.urlencode(data) if data else None, timeout=20)
  File "/usr/lib/python2.7/urllib2.py", line 154, in urlopen
    return opener.open(url, data, timeout)
  File "/usr/lib/python2.7/urllib2.py", line 435, in open
    response = meth(req, response)
  File "/usr/lib/python2.7/urllib2.py", line 548, in http_response
    'http', request, response, code, msg, hdrs)
  File "/usr/lib/python2.7/urllib2.py", line 473, in error
    return self._call_chain(*args)
  File "/usr/lib/python2.7/urllib2.py", line 407, in _call_chain
    result = func(*args)
  File "/usr/lib/python2.7/urllib2.py", line 556, in http_error_default
    raise HTTPError(req.get_full_url(), code, msg, hdrs, fp)
HTTPError: HTTP Error 404: Not Found
INFO: 2017-10-14 01:53:08,766: regular_change_thread() 'regular_change changes wallpaper'
INFO: 2017-10-14 01:53:08,767: set_wallpaper() 'Calling set_wallpaper with /usr/share/backgrounds/Spring_by_Peter_Apas.jpg'
INFO: 2017-10-14 01:53:08,767: prepare_thread() 'Prepared buffer contains 14 images'
INFO: 2017-10-14 01:53:08,768: do_set_wp() 'Calling do_set_wp with /usr/share/backgrounds/Spring_by_Peter_Apas.jpg, time: 1507935188.77'
INFO: 2017-10-14 01:53:08,788: update_indicator() 'Setting file info to: /usr/share/backgrounds/Spring_by_Peter_Apas.jpg'
INFO: 2017-10-14 01:58:08,901: regular_change_thread() 'regular_change changes wallpaper'
INFO: 2017-10-14 01:58:08,922: set_wallpaper() 'Calling set_wallpaper with /usr/share/backgrounds/Dans_ma_bulle_by_Christophe_Weibel.jpg'
INFO: 2017-10-14 01:58:08,922: prepare_thread() 'Prepared buffer contains 13 images'
INFO: 2017-10-14 01:58:08,923: do_set_wp() 'Calling do_set_wp with /usr/share/backgrounds/Dans_ma_bulle_by_Christophe_Weibel.jpg, time: 1507935488.92'
INFO: 2017-10-14 01:58:08,940: update_indicator() 'Setting file info to: /usr/share/backgrounds/Dans_ma_bulle_by_Christophe_Weibel.jpg'
INFO: 2017-10-14 01:58:38,023: parse_server_options() 'Wallhaven.cc: parsing serverside options'
INFO: 2017-10-14 01:58:38,024: parse_server_options() 'Wallhaven.cc serverside options: {u'min_fill_queue_interval': 1800, u'min_download_interval': 1800}'
INFO: 2017-10-14 01:58:38,024: download_one() 'Minimal interval between Wallhaven downloads is 1800, skip this attempt'
INFO: 2017-10-14 02:03:09,089: regular_change_thread() 'regular_change changes wallpaper'
INFO: 2017-10-14 02:03:09,090: set_wallpaper() 'Calling set_wallpaper with /usr/share/backgrounds/Icy_Grass_by_Raymond_Lavoie.jpg'
INFO: 2017-10-14 02:03:09,090: prepare_thread() 'Prepared buffer contains 12 images'
INFO: 2017-10-14 02:03:09,091: do_set_wp() 'Calling do_set_wp with /usr/share/backgrounds/Icy_Grass_by_Raymond_Lavoie.jpg, time: 1507935789.09'
INFO: 2017-10-14 02:03:09,106: update_indicator() 'Setting file info to: /usr/share/backgrounds/Icy_Grass_by_Raymond_Lavoie.jpg'
INFO: 2017-10-14 02:08:09,236: regular_change_thread() 'regular_change changes wallpaper'
INFO: 2017-10-14 02:08:09,236: set_wallpaper() 'Calling set_wallpaper with /home/swetstil/.config/variety/Downloaded/flickr_text_colorful_user_www_flickr_com_photos_pinksherbet__user_id_40645538_N00_/25566097412_d360691dfb_k.jpg'
INFO: 2017-10-14 02:08:09,236: prepare_thread() 'Prepared buffer contains 11 images'
INFO: 2017-10-14 02:08:09,237: do_set_wp() 'Calling do_set_wp with /home/swetstil/.config/variety/Downloaded/flickr_text_colorful_user_www_flickr_com_photos_pinksherbet__user_id_40645538_N00_/25566097412_d360691dfb_k.jpg, time: 1507936089.24'
INFO: 2017-10-14 02:08:09,251: update_indicator() 'Setting file info to: /home/swetstil/.config/variety/Downloaded/flickr_text_colorful_user_www_flickr_com_photos_pinksherbet__user_id_40645538_N00_/25566097412_d360691dfb_k.jpg'
INFO: 2017-10-14 02:08:38,023: parse_server_options() 'Wallhaven.cc: parsing serverside options'
INFO: 2017-10-14 02:08:38,024: parse_server_options() 'Wallhaven.cc serverside options: {u'min_fill_queue_interval': 1800, u'min_download_interval': 1800}'
INFO: 2017-10-14 02:08:38,024: download_one() 'Downloading an image from Wallhaven.cc, autumn'
INFO: 2017-10-14 02:08:38,024: download_one() 'Queue size: 0'
INFO: 2017-10-14 02:08:38,025: fill_queue() 'Filling wallhaven queue: autumn'
INFO: 2017-10-14 02:08:38,025: search() 'Performing wallhaven search: url=http://alpha.wallhaven.cc/search?q=autumn&categories=111&purity=100&sorting=favorites&order=desc'
INFO: 2017-10-14 02:08:40,321: fill_queue() '300 wallpapers in result, using page 8'
INFO: 2017-10-14 02:08:40,321: search() 'Performing wallhaven search: url=http://alpha.wallhaven.cc/search?q=autumn&categories=111&purity=100&sorting=favorites&order=desc&page=8'
INFO: 2017-10-14 02:08:42,191: fill_queue() 'Wallhaven queue populated with 12 URLs'
INFO: 2017-10-14 02:08:42,191: download_one() 'Wallpaper URL: https://alpha.wallhaven.cc/wallpaper/246971'
INFO: 2017-10-14 02:08:43,375: download_one() 'Image src URL: //wallpapers.wallhaven.cc/wallpapers/full/wallhaven-246971.jpg'
INFO: 2017-10-14 02:08:43,390: save_locally() 'Origin URL: https://alpha.wallhaven.cc/wallpaper/246971'
INFO: 2017-10-14 02:08:43,390: save_locally() 'Image URL: //wallpapers.wallhaven.cc/wallpapers/full/wallhaven-246971.jpg'
INFO: 2017-10-14 02:08:43,390: save_locally() 'Local name: /home/swetstil/.config/variety/Downloaded/wallhaven_autumn/wallhaven-246971.jpg'
INFO: 2017-10-14 02:08:46,461: save_locally() 'Download complete'
INFO: 2017-10-14 02:08:46,462: update_indicator() 'Setting file info to: /home/swetstil/.config/variety/Downloaded/flickr_text_colorful_user_www_flickr_com_photos_pinksherbet__user_id_40645538_N00_/25566097412_d360691dfb_k.jpg'
INFO: 2017-10-14 02:08:46,463: download_one_from() 'Adding downloaded file /home/swetstil/.config/variety/Downloaded/wallhaven_autumn/wallhaven-246971.jpg to prepared_from_downloads queue'
INFO: 2017-10-14 02:13:09,376: regular_change_thread() 'regular_change changes wallpaper'
INFO: 2017-10-14 02:13:09,377: set_wallpaper() 'Calling set_wallpaper with /home/swetstil/.config/variety/Downloaded/wallhaven_autumn/wallhaven-246971.jpg'
INFO: 2017-10-14 02:13:09,378: prepare_thread() 'Prepared buffer contains 11 images'
INFO: 2017-10-14 02:13:09,379: do_set_wp() 'Calling do_set_wp with /home/swetstil/.config/variety/Downloaded/wallhaven_autumn/wallhaven-246971.jpg, time: 1507936389.38'
INFO: 2017-10-14 02:13:09,398: update_indicator() 'Setting file info to: /home/swetstil/.config/variety/Downloaded/wallhaven_autumn/wallhaven-246971.jpg'
INFO: 2017-10-14 02:18:09,512: regular_change_thread() 'regular_change changes wallpaper'
INFO: 2017-10-14 02:18:09,513: set_wallpaper() 'Calling set_wallpaper with /usr/share/backgrounds/Night_lights_by_Alberto_Salvia_Novella.jpg'
INFO: 2017-10-14 02:18:09,513: prepare_thread() 'Prepared buffer contains 10 images'
INFO: 2017-10-14 02:18:09,514: do_set_wp() 'Calling do_set_wp with /usr/share/backgrounds/Night_lights_by_Alberto_Salvia_Novella.jpg, time: 1507936689.51'
INFO: 2017-10-14 02:18:09,528: update_indicator() 'Setting file info to: /usr/share/backgrounds/Night_lights_by_Alberto_Salvia_Novella.jpg'
INFO: 2017-10-14 02:18:38,024: parse_server_options() 'Wallpapers.net: parsing serverside options'
INFO: 2017-10-14 02:18:38,024: parse_server_options() 'Wallpapers.net serverside options: {u'min_fill_queue_interval': 600, u'min_download_interval': 0}'
INFO: 2017-10-14 02:18:38,025: download_one() 'Downloading an image from Wallpapers.net, http://www.wallpapers.net/nature-hd-wallpapers78'
INFO: 2017-10-14 02:18:38,025: download_one() 'Queue size: 0'
INFO: 2017-10-14 02:18:38,026: fill_queue() 'Category URL: http://www.wallpapers.net/nature-hd-wallpapers78'
ERROR: 2017-10-14 02:18:39,050: download_thread() 'Could not download wallpaper:'
Traceback (most recent call last):
  File "/usr/lib/python2.7/dist-packages/variety/VarietyWindow.py", line 974, in download_thread
    self.download_one_from(downloader)
  File "/usr/lib/python2.7/dist-packages/variety/VarietyWindow.py", line 1006, in download_one_from
    file = downloader.download_one()
  File "/usr/lib/python2.7/dist-packages/variety/WallpapersNetDownloader.py", line 77, in download_one
    self.fill_queue()
  File "/usr/lib/python2.7/dist-packages/variety/WallpapersNetDownloader.py", line 111, in fill_queue
    tree = WallpapersNetDownloader.fetch_and_parse(self.location)
  File "/usr/lib/python2.7/dist-packages/variety/WallpapersNetDownloader.py", line 41, in fetch_and_parse
    html = Util.fetch(url)
  File "/usr/lib/python2.7/dist-packages/variety/Util.py", line 432, in fetch
    return Util.urlopen(url, data).read()
  File "/usr/lib/python2.7/dist-packages/variety/Util.py", line 428, in urlopen
    return urllib2.urlopen(request, data=urllib.urlencode(data) if data else None, timeout=20)
  File "/usr/lib/python2.7/urllib2.py", line 154, in urlopen
    return opener.open(url, data, timeout)
  File "/usr/lib/python2.7/urllib2.py", line 435, in open
    response = meth(req, response)
  File "/usr/lib/python2.7/urllib2.py", line 548, in http_response
    'http', request, response, code, msg, hdrs)
  File "/usr/lib/python2.7/urllib2.py", line 473, in error
    return self._call_chain(*args)
  File "/usr/lib/python2.7/urllib2.py", line 407, in _call_chain
    result = func(*args)
  File "/usr/lib/python2.7/urllib2.py", line 556, in http_error_default
    raise HTTPError(req.get_full_url(), code, msg, hdrs, fp)
HTTPError: HTTP Error 404: Not Found
INFO: 2017-10-14 02:23:09,655: regular_change_thread() 'regular_change changes wallpaper'
INFO: 2017-10-14 02:23:09,655: set_wallpaper() 'Calling set_wallpaper with /usr/share/backgrounds/160218-deux-two_by_Pierre_Cante.jpg'
INFO: 2017-10-14 02:23:09,656: prepare_thread() 'Prepared buffer contains 9 images'
INFO: 2017-10-14 02:23:09,657: do_set_wp() 'Calling do_set_wp with /usr/share/backgrounds/160218-deux-two_by_Pierre_Cante.jpg, time: 1507936989.66'
INFO: 2017-10-14 02:23:09,657: prepare_thread() 'Preparing some images'
INFO: 2017-10-14 02:23:09,671: prepare_thread() 'After search prepared buffer contains 22 images'
INFO: 2017-10-14 02:23:09,675: update_indicator() 'Setting file info to: /usr/share/backgrounds/160218-deux-two_by_Pierre_Cante.jpg'
INFO: 2017-10-14 02:28:09,782: regular_change_thread() 'regular_change changes wallpaper'
INFO: 2017-10-14 02:28:09,782: set_wallpaper() 'Calling set_wallpaper with /home/swetstil/.config/variety/Downloaded/wallhaven_leaves/wallhaven-276505.jpg'
INFO: 2017-10-14 02:28:09,782: prepare_thread() 'Prepared buffer contains 21 images'
INFO: 2017-10-14 02:28:09,783: do_set_wp() 'Calling do_set_wp with /home/swetstil/.config/variety/Downloaded/wallhaven_leaves/wallhaven-276505.jpg, time: 1507937289.78'
INFO: 2017-10-14 02:28:09,828: update_indicator() 'Setting file info to: /home/swetstil/.config/variety/Downloaded/wallhaven_leaves/wallhaven-276505.jpg'
INFO: 2017-10-14 02:28:38,024: parse_server_options() 'Wallhaven.cc: parsing serverside options'
INFO: 2017-10-14 02:28:38,024: parse_server_options() 'Wallhaven.cc serverside options: {u'min_fill_queue_interval': 1800, u'min_download_interval': 1800}'
INFO: 2017-10-14 02:28:38,025: download_one() 'Minimal interval between Wallhaven downloads is 1800, skip this attempt'
INFO: 2017-10-14 02:33:10,015: regular_change_thread() 'regular_change changes wallpaper'
INFO: 2017-10-14 02:33:10,016: set_wallpaper() 'Calling set_wallpaper with /home/swetstil/.config/variety/Downloaded/wallhaven_autumn/wallhaven-246971.jpg'
INFO: 2017-10-14 02:33:10,017: prepare_thread() 'Prepared buffer contains 20 images'
INFO: 2017-10-14 02:33:10,018: do_set_wp() 'Calling do_set_wp with /home/swetstil/.config/variety/Downloaded/wallhaven_autumn/wallhaven-246971.jpg, time: 1507937590.02'
INFO: 2017-10-14 02:33:10,039: update_indicator() 'Setting file info to: /home/swetstil/.config/variety/Downloaded/wallhaven_autumn/wallhaven-246971.jpg'
INFO: 2017-10-14 02:38:10,157: regular_change_thread() 'regular_change changes wallpaper'
INFO: 2017-10-14 02:38:10,158: set_wallpaper() 'Calling set_wallpaper with /home/swetstil/.config/variety/Downloaded/flickr_text_colorful_user_www_flickr_com_photos_pinksherbet__user_id_40645538_N00_/25383998850_289d82ab84_k.jpg'
INFO: 2017-10-14 02:38:10,158: prepare_thread() 'Prepared buffer contains 19 images'
INFO: 2017-10-14 02:38:10,161: do_set_wp() 'Calling do_set_wp with /home/swetstil/.config/variety/Downloaded/flickr_text_colorful_user_www_flickr_com_photos_pinksherbet__user_id_40645538_N00_/25383998850_289d82ab84_k.jpg, time: 1507937890.16'
INFO: 2017-10-14 02:38:10,179: update_indicator() 'Setting file info to: /home/swetstil/.config/variety/Downloaded/flickr_text_colorful_user_www_flickr_com_photos_pinksherbet__user_id_40645538_N00_/25383998850_289d82ab84_k.jpg'
INFO: 2017-10-14 02:38:38,024: parse_server_options() 'Flickr: parsing serverside options'
INFO: 2017-10-14 02:38:38,025: parse_server_options() 'Flickr serverside options: {u'min_fill_queue_interval': 1200, u'min_download_interval': 1200}'
INFO: 2017-10-14 02:38:38,025: download_one() 'Downloading an image from Flickr, user:www.flickr.com/photos/peter-levi/;user_id:93647178@N00;'
INFO: 2017-10-14 02:38:38,025: download_one() 'Queue size: 0'
INFO: 2017-10-14 02:38:38,026: fill_queue() 'Filling Flickr download queue: user:www.flickr.com/photos/peter-levi/;user_id:93647178@N00;'
INFO: 2017-10-14 02:38:38,026: fetch() 'Making flickr API call: https://api.flickr.com/services/rest/?method=flickr.photos.search&api_key=0553a848c09bcfd21d3a984d9408c04e&per_page=500&tag_mode=all&format=json&nojsoncallback=1&user_id=93647178@N00'
INFO: 2017-10-14 02:38:39,205: fill_queue() '1 pages in the search results, using page 1'
INFO: 2017-10-14 02:38:39,206: fetch() 'Making flickr API call: https://api.flickr.com/services/rest/?method=flickr.photos.search&api_key=0553a848c09bcfd21d3a984d9408c04e&per_page=500&tag_mode=all&format=json&nojsoncallback=1&user_id=93647178@N00&extras=owner_name,description,tags,o_dims,url_o,url_k,url_h,url_l&page=1'
INFO: 2017-10-14 02:38:40,747: process_photos_in_response() 'Queue size is 0, populating with images for size suffix o'
INFO: 2017-10-14 02:38:40,774: fill_queue() 'Flickr queue populated with 81 URLs'
INFO: 2017-10-14 02:38:40,775: download_one() 'Photo URL: https://www.flickr.com/photos/93647178@N00/7527792082'
INFO: 2017-10-14 02:38:40,776: save_locally() 'Origin URL: https://www.flickr.com/photos/93647178@N00/7527792082'
INFO: 2017-10-14 02:38:40,776: save_locally() 'Image URL: https://farm9.staticflickr.com/8145/7527792082_1fc22930d8_o.jpg'
INFO: 2017-10-14 02:38:40,776: save_locally() 'Local name: /home/swetstil/.config/variety/Downloaded/flickr_user_www_flickr_com_photos_peter_levi__user_id_93647178_N00_/7527792082_1fc22930d8_o.jpg'
INFO: 2017-10-14 02:38:46,374: save_locally() 'Download complete'
INFO: 2017-10-14 02:38:46,375: update_indicator() 'Setting file info to: /home/swetstil/.config/variety/Downloaded/flickr_text_colorful_user_www_flickr_com_photos_pinksherbet__user_id_40645538_N00_/25383998850_289d82ab84_k.jpg'
INFO: 2017-10-14 02:38:46,377: download_one_from() 'Adding downloaded file /home/swetstil/.config/variety/Downloaded/flickr_user_www_flickr_com_photos_peter_levi__user_id_93647178_N00_/7527792082_1fc22930d8_o.jpg to prepared_from_downloads queue'
INFO: 2017-10-14 02:43:10,302: regular_change_thread() 'regular_change changes wallpaper'
INFO: 2017-10-14 02:43:10,303: set_wallpaper() 'Calling set_wallpaper with /home/swetstil/.config/variety/Downloaded/flickr_user_www_flickr_com_photos_peter_levi__user_id_93647178_N00_/7527792082_1fc22930d8_o.jpg'
INFO: 2017-10-14 02:43:10,303: prepare_thread() 'Prepared buffer contains 19 images'
INFO: 2017-10-14 02:43:10,305: do_set_wp() 'Calling do_set_wp with /home/swetstil/.config/variety/Downloaded/flickr_user_www_flickr_com_photos_peter_levi__user_id_93647178_N00_/7527792082_1fc22930d8_o.jpg, time: 1507938190.31'
INFO: 2017-10-14 02:43:10,323: update_indicator() 'Setting file info to: /home/swetstil/.config/variety/Downloaded/flickr_user_www_flickr_com_photos_peter_levi__user_id_93647178_N00_/7527792082_1fc22930d8_o.jpg'
INFO: 2017-10-14 02:48:10,566: regular_change_thread() 'regular_change changes wallpaper'
INFO: 2017-10-14 02:48:10,566: set_wallpaper() 'Calling set_wallpaper with /usr/share/backgrounds/Black_hole_by_Marek_Koteluk.jpg'
INFO: 2017-10-14 02:48:10,567: prepare_thread() 'Prepared buffer contains 18 images'
INFO: 2017-10-14 02:48:10,567: do_set_wp() 'Calling do_set_wp with /usr/share/backgrounds/Black_hole_by_Marek_Koteluk.jpg, time: 1507938490.57'
INFO: 2017-10-14 02:48:10,583: update_indicator() 'Setting file info to: /usr/share/backgrounds/Black_hole_by_Marek_Koteluk.jpg'
INFO: 2017-10-14 02:48:38,024: download_one() 'Downloading a random image from desktoppr.co'
INFO: 2017-10-14 02:48:39,548: save_locally() 'Origin URL: https://www.desktoppr.co/wallpapers/739570'
INFO: 2017-10-14 02:48:39,548: save_locally() 'Image URL: http://a.desktopprassets.com/wallpapers/437578b3b6de3280ca96417306658f0356f777a0/july_09__2016_at_0916am-plus_invenire.jpg'
INFO: 2017-10-14 02:48:39,549: save_locally() 'Local name: /home/swetstil/.config/variety/Downloaded/Desktoppr/july_09__2016_at_0916am-plus_invenire.jpg'
INFO: 2017-10-14 02:48:42,367: save_locally() 'Download complete'
INFO: 2017-10-14 02:48:42,368: update_indicator() 'Setting file info to: /usr/share/backgrounds/Black_hole_by_Marek_Koteluk.jpg'
INFO: 2017-10-14 02:48:42,373: download_one_from() 'Adding downloaded file /home/swetstil/.config/variety/Downloaded/Desktoppr/july_09__2016_at_0916am-plus_invenire.jpg to prepared_from_downloads queue'
INFO: 2017-10-14 02:53:10,689: regular_change_thread() 'regular_change changes wallpaper'
INFO: 2017-10-14 02:53:10,690: set_wallpaper() 'Calling set_wallpaper with /home/swetstil/.config/variety/Downloaded/Desktoppr/july_09__2016_at_0916am-plus_invenire.jpg'
INFO: 2017-10-14 02:53:10,690: prepare_thread() 'Prepared buffer contains 18 images'
INFO: 2017-10-14 02:53:10,691: do_set_wp() 'Calling do_set_wp with /home/swetstil/.config/variety/Downloaded/Desktoppr/july_09__2016_at_0916am-plus_invenire.jpg, time: 1507938790.69'
INFO: 2017-10-14 02:53:10,707: update_indicator() 'Setting file info to: /home/swetstil/.config/variety/Downloaded/Desktoppr/july_09__2016_at_0916am-plus_invenire.jpg'
